2023-05-29T20:17:19.073Z [info]: Commit Tag: $GIT_SHA 
2023-05-29T20:17:19.374Z [info]: Starting Overseerr version 1.32.5 
2023-05-29T20:17:20.561Z [info][Notifications]: Registered notification agents 
2023-05-29T20:17:20.580Z [info][Jobs]: Scheduled jobs loaded 
2023-05-29T20:17:20.583Z [info][Discover Slider]: Creating built-in discovery slider {"slider":{"type":1,"enabled":true,"isBuiltIn":true,"order":0}}
2023-05-29T20:17:20.596Z [info][Discover Slider]: Creating built-in discovery slider {"slider":{"type":2,"enabled":true,"isBuiltIn":true,"order":1}}
2023-05-29T20:17:20.602Z [info][Discover Slider]: Creating built-in discovery slider {"slider":{"type":3,"enabled":true,"isBuiltIn":true,"order":2}}
2023-05-29T20:17:20.610Z [info][Discover Slider]: Creating built-in discovery slider {"slider":{"type":4,"enabled":true,"isBuiltIn":true,"order":3}}
2023-05-29T20:17:20.616Z [info][Discover Slider]: Creating built-in discovery slider {"slider":{"type":5,"enabled":true,"isBuiltIn":true,"order":4}}
2023-05-29T20:17:20.628Z [info][Discover Slider]: Creating built-in discovery slider {"slider":{"type":6,"enabled":true,"isBuiltIn":true,"order":5}}
2023-05-29T20:17:20.635Z [info][Discover Slider]: Creating built-in discovery slider {"slider":{"type":7,"enabled":true,"isBuiltIn":true,"order":6}}
2023-05-29T20:17:20.642Z [info][Discover Slider]: Creating built-in discovery slider {"slider":{"type":8,"enabled":true,"isBuiltIn":true,"order":7}}
2023-05-29T20:17:20.648Z [info][Discover Slider]: Creating built-in discovery slider {"slider":{"type":9,"enabled":true,"isBuiltIn":true,"order":8}}
2023-05-29T20:17:20.653Z [info][Discover Slider]: Creating built-in discovery slider {"slider":{"type":10,"enabled":true,"isBuiltIn":true,"order":9}}
2023-05-29T20:17:20.659Z [info][Discover Slider]: Creating built-in discovery slider {"slider":{"type":11,"enabled":true,"isBuiltIn":true,"order":10}}
2023-05-29T20:17:20.665Z [info][Discover Slider]: Creating built-in discovery slider {"slider":{"type":12,"enabled":true,"isBuiltIn":true,"order":11}}
2023-05-29T20:17:20.801Z [info][Server]: Server ready on port 5055 
2023-05-29T20:18:00.023Z [debug][Jobs]: Starting scheduled job: Download Sync 
2023-05-29T20:19:00.047Z [debug][Jobs]: Starting scheduled job: Download Sync 
2023-05-29T20:20:00.024Z [debug][Jobs]: Starting scheduled job: Download Sync 
2023-05-29T20:20:00.030Z [info][Jobs]: Starting scheduled job: Plex Watchlist Sync 
2023-05-29T20:20:00.038Z [info][Jobs]: Starting scheduled job: Plex Recently Added Scan 
2023-05-29T20:20:00.039Z [info][Plex Scan]: Scan starting {"sessionId":"e336ab4f-5cc9-4849-a4ad-cd2e01537bfb"}
2023-05-29T20:20:00.042Z [warn][Plex Scan]: No admin configured. Plex scan skipped. 
2023-05-29T20:21:00.060Z [debug][Jobs]: Starting scheduled job: Download Sync 
2023-05-29T20:24:16.618Z [debug][Jobs]: Starting scheduled job: Download Sync 
2023-05-29T20:24:16.621Z [debug][Jobs]: Starting scheduled job: Download Sync 
2023-05-29T20:24:16.626Z [debug][Jobs]: Starting scheduled job: Download Sync 
2023-05-29T20:25:00.024Z [debug][Jobs]: Starting scheduled job: Download Sync 
2023-05-29T20:25:00.041Z [info][Jobs]: Starting scheduled job: Plex Recently Added Scan 
2023-05-29T20:25:00.042Z [info][Plex Scan]: Scan starting {"sessionId":"c9f3de33-c0fe-47ea-ae5e-c38b33384f0f"}
2023-05-29T20:25:00.046Z [warn][Plex Scan]: No admin configured. Plex scan skipped. 
2023-05-29T20:26:00.035Z [debug][Jobs]: Starting scheduled job: Download Sync 
2023-05-29T20:27:00.023Z [debug][Jobs]: Starting scheduled job: Download Sync 
2023-05-29T20:28:00.031Z [debug][Jobs]: Starting scheduled job: Download Sync 
2023-05-29T20:29:00.030Z [debug][Jobs]: Starting scheduled job: Download Sync 
2023-05-29T20:30:00.018Z [debug][Jobs]: Starting scheduled job: Download Sync 
2023-05-29T20:30:00.039Z [info][Jobs]: Starting scheduled job: Plex Recently Added Scan 
2023-05-29T20:30:00.040Z [info][Plex Scan]: Scan starting {"sessionId":"4e1719ca-2ed6-4bd0-9bdf-280892dacfa9"}
2023-05-29T20:30:00.047Z [info][Jobs]: Starting scheduled job: Plex Watchlist Sync 
2023-05-29T20:30:00.049Z [warn][Plex Scan]: No admin configured. Plex scan skipped. 
2023-05-29T20:31:00.024Z [debug][Jobs]: Starting scheduled job: Download Sync 
2023-05-29T20:32:00.027Z [debug][Jobs]: Starting scheduled job: Download Sync 
2023-05-29T20:33:00.016Z [debug][Jobs]: Starting scheduled job: Download Sync 
2023-05-29T20:34:00.035Z [debug][Jobs]: Starting scheduled job: Download Sync 
2023-05-29T20:35:00.013Z [debug][Jobs]: Starting scheduled job: Download Sync 
2023-05-29T20:35:00.019Z [info][Jobs]: Starting scheduled job: Plex Recently Added Scan 
2023-05-29T20:35:00.019Z [info][Plex Scan]: Scan starting {"sessionId":"f4e26079-7228-48fa-b4c1-56df568b804c"}
2023-05-29T20:35:00.022Z [warn][Plex Scan]: No admin configured. Plex scan skipped. 
2023-05-29T20:36:00.027Z [debug][Jobs]: Starting scheduled job: Download Sync 
2023-05-29T20:37:00.025Z [debug][Jobs]: Starting scheduled job: Download Sync 
2023-05-29T20:38:00.026Z [debug][Jobs]: Starting scheduled job: Download Sync 
2023-05-29T20:39:00.023Z [debug][Jobs]: Starting scheduled job: Download Sync 
2023-05-29T20:40:00.027Z [debug][Jobs]: Starting scheduled job: Download Sync 
2023-05-29T20:40:00.031Z [info][Jobs]: Starting scheduled job: Plex Recently Added Scan 
2023-05-29T20:40:00.031Z [info][Plex Scan]: Scan starting {"sessionId":"bbec0c4c-7946-490e-a998-181f8cb601c1"}
2023-05-29T20:40:00.042Z [info][Jobs]: Starting scheduled job: Plex Watchlist Sync 
2023-05-29T20:40:00.045Z [warn][Plex Scan]: No admin configured. Plex scan skipped. 
2023-05-29T20:41:00.029Z [debug][Jobs]: Starting scheduled job: Download Sync 
2023-05-29T20:42:00.022Z [debug][Jobs]: Starting scheduled job: Download Sync 
2023-05-29T20:43:00.018Z [debug][Jobs]: Starting scheduled job: Download Sync 
2023-05-29T20:44:00.024Z [debug][Jobs]: Starting scheduled job: Download Sync 
2023-05-29T20:45:00.031Z [debug][Jobs]: Starting scheduled job: Download Sync 
2023-05-29T20:45:00.046Z [info][Jobs]: Starting scheduled job: Plex Recently Added Scan 
2023-05-29T20:45:00.047Z [info][Plex Scan]: Scan starting {"sessionId":"c3ea596d-8748-4f61-b7bb-316f466cbee4"}
2023-05-29T20:45:00.080Z [info][Plex Scan]: Beginning to process recently added for library: Films {}
2023-05-29T20:45:00.103Z [info][Plex Scan]: Beginning to process recently added for library: Anime {}
2023-05-29T20:45:00.124Z [info][Plex Scan]: Beginning to process recently added for library: Séries TV {}
2023-05-29T20:45:00.143Z [info][Plex Scan]: Recently Added Scan Complete 
2023-05-29T20:45:02.736Z [error][Radarr]: [Radarr] Failed to retrieve profiles: connect ECONNREFUSED 127.0.0.1:7878 
2023-05-29T20:45:07.036Z [error][Radarr]: [Radarr] Failed to retrieve profiles: connect ECONNREFUSED 127.0.0.1:7878 
2023-05-29T20:45:07.678Z [error][Radarr]: [Radarr] Failed to retrieve profiles: connect ECONNREFUSED 127.0.0.1:7878 
2023-05-29T20:45:25.368Z [error][Radarr]: [Radarr] Failed to retrieve profiles: connect ECONNREFUSED 127.0.0.1:7878 
2023-05-29T20:45:26.041Z [error][Radarr]: [Radarr] Failed to retrieve profiles: connect ECONNREFUSED 127.0.0.1:7878 
2023-05-29T20:45:34.397Z [error][Radarr]: [Radarr] Failed to retrieve profiles: connect ECONNREFUSED 127.0.0.1:7878 
2023-05-29T20:46:00.016Z [debug][Jobs]: Starting scheduled job: Download Sync 
2023-05-29T20:47:00.014Z [debug][Jobs]: Starting scheduled job: Download Sync 
2023-05-29T20:47:59.461Z [error][Sonarr]: [Sonarr] Failed to retrieve profiles: connect ECONNREFUSED 127.0.0.1:8989 
2023-05-29T20:48:00.014Z [debug][Jobs]: Starting scheduled job: Download Sync 
2023-05-29T20:48:06.469Z [error][Sonarr]: [Sonarr] Failed to retrieve profiles: connect ECONNREFUSED 127.0.0.1:8989 
2023-05-29T20:48:07.042Z [error][Sonarr]: [Sonarr] Failed to retrieve profiles: connect ECONNREFUSED 127.0.0.1:8989 
2023-05-29T20:48:07.865Z [error][Sonarr]: [Sonarr] Failed to retrieve profiles: connect ECONNREFUSED 127.0.0.1:8989 
2023-05-29T20:49:00.021Z [debug][Jobs]: Starting scheduled job: Download Sync 
2023-05-29T20:49:30.750Z [error][API]: Something went wrong testing Plex connection {"errorMessage":"connect ECONNREFUSED 127.0.0.1:32400"}
2023-05-29T20:49:43.726Z [error][API]: Something went wrong testing Plex connection {"errorMessage":"connect ECONNREFUSED 127.0.0.1:32400"}
2023-05-29T20:50:00.016Z [debug][Jobs]: Starting scheduled job: Download Sync 
2023-05-29T20:50:00.025Z [info][Jobs]: Starting scheduled job: Plex Recently Added Scan 
2023-05-29T20:50:00.025Z [info][Plex Scan]: Scan starting {"sessionId":"879cb4f0-a3ae-4fe0-a323-d6e4f8746269"}
2023-05-29T20:50:00.033Z [info][Jobs]: Starting scheduled job: Plex Watchlist Sync 
2023-05-29T20:50:00.044Z [error][Plex Scan]: Scan interrupted {"errorMessage":"connect ECONNREFUSED 127.0.0.1:32400"}
2023-05-29T20:51:00.015Z [debug][Jobs]: Starting scheduled job: Download Sync 
2023-05-29T20:51:38.351Z [error][Radarr]: [Radarr] Failed to retrieve profiles: connect ECONNREFUSED 172.21.0.4:7878 
2023-05-29T20:52:00.020Z [debug][Jobs]: Starting scheduled job: Download Sync 
2023-05-29T20:52:41.892Z [error][Radarr]: [Radarr] Failed to retrieve profiles: connect ECONNREFUSED 172.21.0.2:7878 
2023-05-29T20:52:47.376Z [error][Radarr]: [Radarr] Failed to retrieve profiles: connect ECONNREFUSED 172.21.0.3:7878 
2023-05-29T20:52:55.774Z [error][Radarr]: [Radarr] Failed to retrieve profiles: connect ECONNREFUSED 127.0.0.1:7878 
2023-05-29T20:53:00.017Z [debug][Jobs]: Starting scheduled job: Download Sync 
2023-05-29T20:54:00.021Z [debug][Jobs]: Starting scheduled job: Download Sync 
2023-05-29T20:55:00.014Z [debug][Jobs]: Starting scheduled job: Download Sync 
2023-05-29T20:55:00.021Z [info][Jobs]: Starting scheduled job: Plex Recently Added Scan 
2023-05-29T20:55:00.022Z [info][Plex Scan]: Scan starting {"sessionId":"4ecbea6c-f902-47ab-9292-5bdd98a2e45b"}
2023-05-29T20:55:00.042Z [info][Plex Scan]: Beginning to process recently added for library: Films {"lastScan":1685393100101}
2023-05-29T20:55:00.070Z [info][Plex Scan]: Beginning to process recently added for library: Anime {"lastScan":1685393100122}
2023-05-29T20:55:00.086Z [info][Plex Scan]: Beginning to process recently added for library: Séries TV {"lastScan":1685393100141}
2023-05-29T20:55:00.099Z [info][Plex Scan]: Recently Added Scan Complete 
2023-05-29T20:56:00.011Z [debug][Jobs]: Starting scheduled job: Download Sync 
2023-05-29T20:57:00.037Z [debug][Jobs]: Starting scheduled job: Download Sync 
2023-05-29T20:58:00.033Z [debug][Jobs]: Starting scheduled job: Download Sync 
2023-05-29T20:59:00.003Z [debug][Jobs]: Starting scheduled job: Download Sync 
2023-05-29T21:00:00.014Z [debug][Jobs]: Starting scheduled job: Download Sync 
2023-05-29T21:00:00.026Z [info][Jobs]: Starting scheduled job: Plex Recently Added Scan 
2023-05-29T21:00:00.027Z [info][Plex Scan]: Scan starting {"sessionId":"77ed3a8c-3227-4497-8827-b6936e840059"}
2023-05-29T21:00:00.033Z [info][Jobs]: Starting scheduled job: Plex Watchlist Sync 
2023-05-29T21:00:00.051Z [info][Plex Scan]: Beginning to process recently added for library: Films {"lastScan":1685393700066}
2023-05-29T21:00:00.070Z [info][Plex Scan]: Beginning to process recently added for library: Anime {"lastScan":1685393700084}
2023-05-29T21:00:00.087Z [info][Plex Scan]: Beginning to process recently added for library: Séries TV {"lastScan":1685393700097}
2023-05-29T21:00:00.102Z [info][Plex Scan]: Recently Added Scan Complete 
2023-05-29T21:01:00.029Z [debug][Jobs]: Starting scheduled job: Download Sync 
2023-05-29T21:02:00.018Z [debug][Jobs]: Starting scheduled job: Download Sync 
2023-05-29T21:02:52.617Z [error][API]: Something went wrong testing Plex connection {"errorMessage":"connect ECONNREFUSED 127.0.0.1:32400"}
2023-05-29T21:02:54.778Z [error][API]: Something went wrong testing Plex connection {"errorMessage":"connect ECONNREFUSED 127.0.0.1:32400"}
2023-05-29T21:02:55.090Z [error][API]: Something went wrong testing Plex connection {"errorMessage":"connect ECONNREFUSED 127.0.0.1:32400"}
2023-05-29T21:02:55.287Z [error][API]: Something went wrong testing Plex connection {"errorMessage":"connect ECONNREFUSED 127.0.0.1:32400"}
2023-05-29T21:03:00.008Z [debug][Jobs]: Starting scheduled job: Download Sync 
2023-05-29T21:04:00.018Z [debug][Jobs]: Starting scheduled job: Download Sync 
2023-05-29T21:05:00.014Z [debug][Jobs]: Starting scheduled job: Download Sync 
2023-05-29T21:05:00.017Z [info][Jobs]: Starting scheduled job: Plex Recently Added Scan 
2023-05-29T21:05:00.017Z [info][Plex Scan]: Scan starting {"sessionId":"de17e734-7ded-4697-89e2-bac83a6787ce"}
2023-05-29T21:05:00.022Z [error][Plex Scan]: Scan interrupted {"errorMessage":"connect ECONNREFUSED 127.0.0.1:32400"}
2023-05-29T21:06:00.021Z [debug][Jobs]: Starting scheduled job: Download Sync 
2023-05-29T21:07:00.016Z [debug][Jobs]: Starting scheduled job: Download Sync 
2023-05-29T21:08:00.017Z [debug][Jobs]: Starting scheduled job: Download Sync 
2023-05-29T21:09:00.030Z [debug][Jobs]: Starting scheduled job: Download Sync 
2023-05-29T21:10:00.021Z [debug][Jobs]: Starting scheduled job: Download Sync 
2023-05-29T21:10:00.028Z [info][Jobs]: Starting scheduled job: Plex Recently Added Scan 
2023-05-29T21:10:00.031Z [info][Plex Scan]: Scan starting {"sessionId":"1609916f-2312-41a4-9fe3-5717b789131a"}
2023-05-29T21:10:00.036Z [info][Jobs]: Starting scheduled job: Plex Watchlist Sync 
2023-05-29T21:10:00.058Z [info][Plex Scan]: Beginning to process recently added for library: Films {"lastScan":1685394000068}
2023-05-29T21:10:00.078Z [info][Plex Scan]: Beginning to process recently added for library: Anime {"lastScan":1685394000085}
2023-05-29T21:10:00.093Z [info][Plex Scan]: Beginning to process recently added for library: Séries TV {"lastScan":1685394000100}
2023-05-29T21:10:00.106Z [info][Plex Scan]: Recently Added Scan Complete 
2023-05-29T21:11:00.022Z [debug][Jobs]: Starting scheduled job: Download Sync 
2023-05-29T21:12:00.019Z [debug][Jobs]: Starting scheduled job: Download Sync 
2023-05-29T21:13:00.013Z [debug][Jobs]: Starting scheduled job: Download Sync 
2023-05-29T21:13:03.891Z [info][Notifications]: Sending notification(s) for MEDIA_AUTO_APPROVED {"subject":"Fast X (2023)"}
2023-05-29T21:13:03.895Z [info][Media Request]: Sent request to Radarr {"requestId":1,"mediaId":1}
2023-05-29T21:13:04.829Z [info][Radarr]: Radarr accepted request 
2023-05-29T21:13:04.829Z [debug][Radarr]: Radarr add details {"movie":{"title":"Fast X","originalTitle":"Fast X","originalLanguage":{"id":1,"name":"English"},"alternateTitles":[],"secondaryYearSourceId":0,"sortTitle":"fast x","sizeOnDisk":0,"status":"inCinemas","overview":"Over many missions and against impossible odds, Dom Toretto and his family have outsmarted, out-nerved and outdriven every foe in their path. Now, they confront the most lethal opponent they've ever faced: A terrifying threat emerging from the shadows of the past who's fueled by blood revenge, and who is determined to shatter this family and destroy everything—and everyone—that Dom loves, forever.","inCinemas":"2023-05-17T00:00:00Z","images":[{"coverType":"poster","url":"/MediaCover/1/poster.jpg","remoteUrl":"https://image.tmdb.org/t/p/original/1E5baAaEse26fej7uHcjOgEE2t2.jpg"},{"coverType":"fanart","url":"/MediaCover/1/fanart.jpg","remoteUrl":"https://image.tmdb.org/t/p/original/4t0oBFrJyweYPt0hocW6RUa0b6H.jpg"}],"website":"https://fastxmovie.com","year":2023,"hasFile":false,"youTubeTrailerId":"eoOaKN4qCKw","studio":"Universal Pictures","path":"/data/Fast X (2023)","qualityProfileId":4,"monitored":true,"minimumAvailability":"released","isAvailable":false,"folderName":"/data/Fast X (2023)","runtime":142,"cleanTitle":"fastx","imdbId":"tt5433140","tmdbId":385687,"titleSlug":"385687","rootFolderPath":"/data/","certification":"PG-13","genres":["Action","Crime","Thriller"],"tags":[],"added":"2023-05-29T21:13:04Z","addOptions":{"searchForMovie":true,"addMethod":"manual","ignoreEpisodesWithFiles":false,"ignoreEpisodesWithoutFiles":false,"monitor":"movieOnly"},"ratings":{"imdb":{"votes":5309,"value":6.4,"type":"user"},"tmdb":{"votes":593,"value":7.036,"type":"user"}},"collection":{"title":"The Fast and the Furious Collection","tmdbId":9485,"monitored":false,"qualityProfileId":0,"searchOnAdd":false,"minimumAvailability":"tba","images":[],"added":"0001-01-01T00:00:00Z","id":0},"popularity":4830.683,"id":1}}
2023-05-29T21:14:00.019Z [debug][Jobs]: Starting scheduled job: Download Sync 
2023-05-29T21:15:00.018Z [debug][Jobs]: Starting scheduled job: Download Sync 
2023-05-29T21:15:00.032Z [info][Jobs]: Starting scheduled job: Plex Recently Added Scan 
2023-05-29T21:15:00.033Z [info][Plex Scan]: Scan starting {"sessionId":"72318bc0-9eb7-4bb1-af27-90e759f86b98"}
2023-05-29T21:15:00.063Z [info][Plex Scan]: Beginning to process recently added for library: Films {"lastScan":1685394600076}
2023-05-29T21:15:00.082Z [info][Plex Scan]: Beginning to process recently added for library: Anime {"lastScan":1685394600091}
2023-05-29T21:15:00.098Z [info][Plex Scan]: Beginning to process recently added for library: Séries TV {"lastScan":1685394600104}
2023-05-29T21:15:00.113Z [info][Plex Scan]: Recently Added Scan Complete 
2023-05-29T21:16:00.022Z [debug][Jobs]: Starting scheduled job: Download Sync 
2023-05-29T21:17:00.024Z [debug][Jobs]: Starting scheduled job: Download Sync 
2023-05-29T21:17:31.971Z [info][Notifications]: Sending notification(s) for MEDIA_AUTO_APPROVED {"subject":"JoJo's Bizarre Adventure (2012)"}
2023-05-29T21:17:31.983Z [info][Media Request]: Sent request to Sonarr {"requestId":2,"mediaId":2}
2023-05-29T21:17:33.837Z [info][Sonarr]: Sonarr accepted request 
2023-05-29T21:17:33.838Z [debug][Sonarr]: Sonarr add details {"movie":{"title":"JoJo's Bizarre Adventure (2012)","alternateTitles":[{"title":"JoJo's Bizarre Adventure - Stardust Crusaders","sceneSeasonNumber":2},{"title":"JoJo's Bizarre Adventure","sceneSeasonNumber":1},{"title":"JoJo's Bizarre Adventure - Golden Wind","sceneSeasonNumber":4},{"title":"JoJo Bizarre Adventure - Stardust Crusaders","sceneSeasonNumber":2},{"title":"JoJo Bizarre Adventure","sceneSeasonNumber":1},{"title":"JoJo's Bizarre Adventure - Stone Ocean","sceneSeasonNumber":5},{"title":"JoJo no Kimyou na Bouken: Stone Ocean","sceneSeasonNumber":5},{"title":"JoJo no Kimyou na Bouken","sceneSeasonNumber":1},{"title":"JoJo no Kimyou na Bouken: Stardust Crusaders","sceneSeasonNumber":2},{"title":"JoJo no Kimyou na Bouken: Diamond wa Kudakenai","sceneSeasonNumber":3},{"title":"JoJo no Kimyou na Bouken: Ougon no Kaze","sceneSeasonNumber":4},{"title":"JoJo's Bizarre Adventure - Stardust Crusaders Egypt Arc","sceneSeasonNumber":2},{"title":"JoJo Bizarre Adventure - Stardust Crusaders Egypt Arc","sceneSeasonNumber":2},{"title":"JoJo no Kimyou na Bouken: Stardust Crusaders 2015","sceneSeasonNumber":2},{"title":"JoJo Bizarre Adventure - Diamond is Unbreakable","sceneSeasonNumber":3},{"title":"JoJo's Bizarre Adventure - Diamond is Unbreakable","sceneSeasonNumber":3}],"sortTitle":"jojos bizarre adventure 2012","status":"continuing","ended":false,"overview":"Follows an intergenerational feud between the Joestar Family and various forces of evil, the most prominent of which is Dio Brando and his followers.","previousAiring":"2013-04-05T15:30:00Z","network":"Tokyo MX","airTime":"00:30","images":[{"coverType":"banner","url":"/MediaCover/1/banner.jpg?lastWrite=638209918531715606","remoteUrl":"https://artworks.thetvdb.com/banners/graphical/262954-g5.jpg"},{"coverType":"poster","url":"/MediaCover/1/poster.jpg?lastWrite=638209918532690855","remoteUrl":"https://artworks.thetvdb.com/banners/posters/262954-5.jpg"},{"coverType":"fanart","url":"/MediaCover/1/fanart.jpg?lastWrite=638209918533821747","remoteUrl":"https://artworks.thetvdb.com/banners/fanart/original/262954-12.jpg"},{"coverType":"unknown","url":"/MediaCover/1/unknown.jpg?lastWrite=638209918535098987","remoteUrl":"https://artworks.thetvdb.com/banners/v4/series/262954/clearlogo/611bf2a856cb3.png"}],"seasons":[{"seasonNumber":0,"monitored":false,"statistics":{"episodeFileCount":0,"episodeCount":0,"totalEpisodeCount":7,"sizeOnDisk":0,"releaseGroups":[],"percentOfEpisodes":0}},{"seasonNumber":1,"monitored":true,"statistics":{"previousAiring":"2013-04-05T15:30:00Z","episodeFileCount":0,"episodeCount":26,"totalEpisodeCount":26,"sizeOnDisk":0,"releaseGroups":[],"percentOfEpisodes":0}},{"seasonNumber":2,"monitored":false,"statistics":{"episodeFileCount":0,"episodeCount":0,"totalEpisodeCount":48,"sizeOnDisk":0,"releaseGroups":[],"percentOfEpisodes":0}},{"seasonNumber":3,"monitored":false,"statistics":{"episodeFileCount":0,"episodeCount":0,"totalEpisodeCount":39,"sizeOnDisk":0,"releaseGroups":[],"percentOfEpisodes":0}},{"seasonNumber":4,"monitored":false,"statistics":{"episodeFileCount":0,"episodeCount":0,"totalEpisodeCount":39,"sizeOnDisk":0,"releaseGroups":[],"percentOfEpisodes":0}},{"seasonNumber":5,"monitored":false,"statistics":{"episodeFileCount":0,"episodeCount":0,"totalEpisodeCount":38,"sizeOnDisk":0,"releaseGroups":[],"percentOfEpisodes":0}}],"year":2012,"path":"/data/JoJo's Bizarre Adventure (2012)","qualityProfileId":4,"languageProfileId":1,"seasonFolder":true,"monitored":true,"useSceneNumbering":true,"runtime":25,"tvdbId":262954,"tvRageId":0,"tvMazeId":8287,"firstAired":"2012-10-06T00:00:00Z","seriesType":"anime","cleanTitle":"jojosbizarreadventure2012","imdbId":"tt2359704","titleSlug":"jojos-bizarre-adventure-2012","rootFolderPath":"/data/","certification":"TV-MA","genres":["Action","Adventure","Animation","Anime","Comedy","Drama","Fantasy","Horror","Thriller"],"tags":[],"added":"2023-05-29T21:17:32.309157Z","ratings":{"votes":0,"value":0},"statistics":{"seasonCount":5,"episodeFileCount":0,"episodeCount":26,"totalEpisodeCount":197,"sizeOnDisk":0,"releaseGroups":[],"percentOfEpisodes":0},"id":1}}
2023-05-29T21:18:00.021Z [debug][Jobs]: Starting scheduled job: Download Sync 
2023-05-29T21:19:00.028Z [debug][Jobs]: Starting scheduled job: Download Sync 
2023-05-29T21:20:00.021Z [debug][Jobs]: Starting scheduled job: Download Sync 
2023-05-29T21:20:00.024Z [info][Jobs]: Starting scheduled job: Plex Recently Added Scan 
2023-05-29T21:20:00.024Z [info][Plex Scan]: Scan starting {"sessionId":"4123aacc-f37d-4b23-86d9-70dd2489ddaf"}
2023-05-29T21:20:00.027Z [info][Jobs]: Starting scheduled job: Plex Watchlist Sync 
2023-05-29T21:20:00.038Z [info][Plex Scan]: Beginning to process recently added for library: Films {"lastScan":1685394900079}
2023-05-29T21:20:00.052Z [info][Plex Scan]: Beginning to process recently added for library: Anime {"lastScan":1685394900096}
2023-05-29T21:20:00.067Z [info][Plex Scan]: Beginning to process recently added for library: Séries TV {"lastScan":1685394900111}
2023-05-29T21:20:00.080Z [info][Plex Scan]: Recently Added Scan Complete 
2023-05-29T21:21:00.019Z [debug][Jobs]: Starting scheduled job: Download Sync 
2023-05-29T21:22:00.025Z [debug][Jobs]: Starting scheduled job: Download Sync 
2023-05-29T21:23:00.033Z [debug][Jobs]: Starting scheduled job: Download Sync 
2023-05-29T21:24:00.030Z [debug][Jobs]: Starting scheduled job: Download Sync 
2023-05-29T21:25:00.029Z [debug][Jobs]: Starting scheduled job: Download Sync 
2023-05-29T21:25:00.040Z [info][Jobs]: Starting scheduled job: Plex Recently Added Scan 
2023-05-29T21:25:00.041Z [info][Plex Scan]: Scan starting {"sessionId":"da94ed30-9fad-4563-a34d-f1abe87da2f4"}
2023-05-29T21:25:00.055Z [info][Plex Scan]: Beginning to process recently added for library: Films {"lastScan":1685395200049}
2023-05-29T21:25:00.074Z [info][Plex Scan]: Beginning to process recently added for library: Anime {"lastScan":1685395200065}
2023-05-29T21:25:00.097Z [info][Plex Scan]: Beginning to process recently added for library: Séries TV {"lastScan":1685395200078}
2023-05-29T21:25:00.113Z [info][Plex Scan]: Recently Added Scan Complete 
2023-05-29T21:26:00.034Z [debug][Jobs]: Starting scheduled job: Download Sync 
2023-05-29T21:27:00.020Z [debug][Jobs]: Starting scheduled job: Download Sync 
2023-05-29T21:28:00.047Z [debug][Jobs]: Starting scheduled job: Download Sync 
2023-05-29T21:29:00.029Z [debug][Jobs]: Starting scheduled job: Download Sync 
2023-05-29T21:30:00.039Z [debug][Jobs]: Starting scheduled job: Download Sync 
2023-05-29T21:30:00.055Z [info][Jobs]: Starting scheduled job: Plex Recently Added Scan 
2023-05-29T21:30:00.056Z [info][Plex Scan]: Scan starting {"sessionId":"45c2db70-2909-4b58-8dbe-69afb9d5e89d"}
2023-05-29T21:30:00.062Z [info][Jobs]: Starting scheduled job: Plex Watchlist Sync 
2023-05-29T21:30:00.084Z [info][Plex Scan]: Beginning to process recently added for library: Films {"lastScan":1685395500070}
2023-05-29T21:30:00.102Z [info][Plex Scan]: Beginning to process recently added for library: Anime {"lastScan":1685395500095}
2023-05-29T21:30:00.116Z [info][Plex Scan]: Beginning to process recently added for library: Séries TV {"lastScan":1685395500111}
2023-05-29T21:30:00.128Z [info][Plex Scan]: Recently Added Scan Complete 
2023-05-29T21:31:00.035Z [debug][Jobs]: Starting scheduled job: Download Sync 
2023-05-29T21:32:00.026Z [debug][Jobs]: Starting scheduled job: Download Sync 
2023-05-29T21:33:00.035Z [debug][Jobs]: Starting scheduled job: Download Sync 
2023-05-29T21:34:00.046Z [debug][Jobs]: Starting scheduled job: Download Sync 
2023-05-29T21:35:00.036Z [debug][Jobs]: Starting scheduled job: Download Sync 
2023-05-29T21:35:00.045Z [info][Jobs]: Starting scheduled job: Plex Recently Added Scan 
2023-05-29T21:35:00.046Z [info][Plex Scan]: Scan starting {"sessionId":"764b6067-84e2-4920-88cb-d0c44cab07e3"}
2023-05-29T21:35:00.064Z [info][Plex Scan]: Beginning to process recently added for library: Films {"lastScan":1685395800100}
2023-05-29T21:35:00.084Z [info][Plex Scan]: Beginning to process recently added for library: Anime {"lastScan":1685395800114}
2023-05-29T21:35:00.101Z [info][Plex Scan]: Beginning to process recently added for library: Séries TV {"lastScan":1685395800126}
2023-05-29T21:35:00.115Z [info][Plex Scan]: Recently Added Scan Complete 
2023-05-29T21:36:00.023Z [debug][Jobs]: Starting scheduled job: Download Sync 
2023-05-29T21:37:00.027Z [debug][Jobs]: Starting scheduled job: Download Sync 
2023-05-29T21:38:00.030Z [debug][Jobs]: Starting scheduled job: Download Sync 
2023-05-29T21:39:00.032Z [debug][Jobs]: Starting scheduled job: Download Sync 
2023-05-29T21:40:00.027Z [debug][Jobs]: Starting scheduled job: Download Sync 
2023-05-29T21:40:00.042Z [info][Jobs]: Starting scheduled job: Plex Recently Added Scan 
2023-05-29T21:40:00.043Z [info][Plex Scan]: Scan starting {"sessionId":"e27ef64c-62e4-4c92-9739-1d0e664e31cd"}
2023-05-29T21:40:00.053Z [info][Jobs]: Starting scheduled job: Plex Watchlist Sync 
2023-05-29T21:40:00.074Z [info][Plex Scan]: Beginning to process recently added for library: Films {"lastScan":1685396100081}
2023-05-29T21:40:00.094Z [info][Plex Scan]: Beginning to process recently added for library: Anime {"lastScan":1685396100099}
2023-05-29T21:40:00.110Z [info][Plex Scan]: Beginning to process recently added for library: Séries TV {"lastScan":1685396100113}
2023-05-29T21:40:00.123Z [info][Plex Scan]: Recently Added Scan Complete 
2023-05-29T21:41:00.028Z [debug][Jobs]: Starting scheduled job: Download Sync 
2023-05-29T21:42:00.026Z [debug][Jobs]: Starting scheduled job: Download Sync 
2023-05-29T21:43:00.031Z [debug][Jobs]: Starting scheduled job: Download Sync 
2023-05-29T21:44:00.028Z [debug][Jobs]: Starting scheduled job: Download Sync 
2023-05-29T21:45:00.016Z [debug][Jobs]: Starting scheduled job: Download Sync 
2023-05-29T21:45:00.030Z [info][Jobs]: Starting scheduled job: Plex Recently Added Scan 
2023-05-29T21:45:00.030Z [info][Plex Scan]: Scan starting {"sessionId":"c07310b2-d69d-4cac-8003-26d99326f42d"}
2023-05-29T21:45:00.054Z [info][Plex Scan]: Beginning to process recently added for library: Films {"lastScan":1685396400091}
2023-05-29T21:45:00.074Z [info][Plex Scan]: Beginning to process recently added for library: Anime {"lastScan":1685396400108}
2023-05-29T21:45:00.091Z [info][Plex Scan]: Beginning to process recently added for library: Séries TV {"lastScan":1685396400121}
2023-05-29T21:45:00.105Z [info][Plex Scan]: Recently Added Scan Complete 
2023-05-29T21:46:00.014Z [debug][Jobs]: Starting scheduled job: Download Sync 
2023-05-29T21:47:00.035Z [debug][Jobs]: Starting scheduled job: Download Sync 
2023-05-29T21:48:00.009Z [debug][Jobs]: Starting scheduled job: Download Sync 
2023-05-29T21:49:00.031Z [debug][Jobs]: Starting scheduled job: Download Sync 
2023-05-29T21:50:00.021Z [debug][Jobs]: Starting scheduled job: Download Sync 
2023-05-29T21:50:00.034Z [info][Jobs]: Starting scheduled job: Plex Recently Added Scan 
2023-05-29T21:50:00.035Z [info][Plex Scan]: Scan starting {"sessionId":"242541cc-94ce-4c21-b8b8-3bdaeabff29c"}
2023-05-29T21:50:00.045Z [info][Jobs]: Starting scheduled job: Plex Watchlist Sync 
2023-05-29T21:50:00.071Z [info][Plex Scan]: Beginning to process recently added for library: Films {"lastScan":1685396700071}
2023-05-29T21:50:00.090Z [info][Plex Scan]: Beginning to process recently added for library: Anime {"lastScan":1685396700088}
2023-05-29T21:50:00.106Z [info][Plex Scan]: Beginning to process recently added for library: Séries TV {"lastScan":1685396700103}
2023-05-29T21:50:00.120Z [info][Plex Scan]: Recently Added Scan Complete 
2023-05-29T21:51:00.033Z [debug][Jobs]: Starting scheduled job: Download Sync 
2023-05-29T21:52:00.014Z [debug][Jobs]: Starting scheduled job: Download Sync 
2023-05-29T21:55:07.643Z [info]: Commit Tag: $GIT_SHA 
2023-05-29T21:55:07.915Z [info]: Starting Overseerr version 1.32.5 
2023-05-29T21:55:08.703Z [info][Notifications]: Registered notification agents 
2023-05-29T21:55:08.722Z [info][Jobs]: Scheduled jobs loaded 
2023-05-29T21:55:08.832Z [info][Server]: Server ready on port 5055 
2023-05-29T21:56:00.045Z [debug][Jobs]: Starting scheduled job: Download Sync 
