May 29, 2023 20:17:40.469 [0x4003607b38] INFO - Plex Tuner Service v1.32.2.7100-248a2daf0 - Docker Docker Container x86_64 - build: 
May 29, 2023 20:17:40.500 [0x4003607b38] INFO - Linux version: 5.15.49-linuxkit (#1 SMP PREEMPT Tue Sep 13 07:51:32 UTC 2022), language: en-US
May 29, 2023 20:17:40.500 [0x4003607b38] INFO - Processor QEMU TCG CPU version 2.5+
May 29, 2023 20:17:40.501 [0x4003607b38] INFO - /usr/lib/plexmediaserver/Plex Tuner Service /usr/lib/plexmediaserver/Resources/Tuner/Private /usr/lib/plexmediaserver/Resources/Tuner/Shared 1.32.2.7100-248a2daf0 32600
May 29, 2023 20:17:40.421 [0x4001b32808] INFO - [I] broker_t::start...
May 29, 2023 20:17:40.462 [0x4001b32808] INFO - [I] device_manager_t::init.
May 29, 2023 20:17:40.462 [0x4001b32808] INFO - [I] device_manager_t::init. Initialize provider manager
May 29, 2023 20:17:40.462 [0x4001b32808] INFO - [I] device_manager_t::init. Initialize all device auxes
May 29, 2023 20:17:40.463 [0x4001b32808] INFO - [I] dvb_device_factory_t::get_aux_list
May 29, 2023 20:17:40.463 [0x4001b32808] INFO - [I] tvbutler_aux_t::init
May 29, 2023 20:17:40.513 [0x4001b32808] INFO - [I] web_server_t::start. Starting web server on port 32600
May 29, 2023 20:17:42.496 [0x4003bc1b38] INFO - [I] web_service_t::process_device_discovery
May 29, 2023 20:17:42.497 [0x4003bc1b38] INFO - [I] device_reactor_t::get_device_list ()
May 29, 2023 20:17:44.518 [0x4003bc1b38] INFO - [I] SAT2IP - discover_satip_servers(): no servers found
May 29, 2023 20:17:44.948 [0x4003bc1b38] INFO - [I] v4l::DeviceGetList_impl. getting v4l device list
May 29, 2023 20:17:44.957 [0x4003bc1b38] INFO - [I] onetv_factory::DeviceGetListEx >>
May 29, 2023 20:17:44.958 [0x4003bc1b38] WARN - [W] onetv_factory::DeviceGetListEx. libusb_init returned an error -99
May 29, 2023 21:52:15.187 [0x4001b32808] INFO - Received SIGINT: Interrupt from keyboard.
May 29, 2023 21:52:15.213 [0x4001b32808] INFO - [I] device_manager_t::term
May 29, 2023 21:52:15.214 [0x4001b32808] INFO - [I] device_manager_t::term. Stop all devices
May 29, 2023 21:52:15.214 [0x4001b32808] INFO - [I] device_manager_t::term. Shut down all device auxes
May 29, 2023 21:52:15.214 [0x4001b32808] INFO - [I] tvbutler_aux_t::term
May 29, 2023 21:52:15.227 [0x4001b32808] INFO - [I] web_server_t::stop. Web server is stopped
May 29, 2023 21:52:15.227 [0x4001b32808] INFO - [I] device_manager_t::term
May 29, 2023 21:52:15.227 [0x4001b32808] INFO - [I] device_manager_t::term. Stop all devices
May 29, 2023 21:52:15.227 [0x4001b32808] INFO - [I] device_manager_t::term. Shut down all device auxes
May 29, 2023 21:52:15.229 [0x4001b32808] INFO - [I] broker_t::shutdown. Shutdown is completed.
