May 29, 2023 20:25:05.562 [274969991936] INFO - Plex Media Scanner v1.32.2.7100-248a2daf0 - Docker Docker Container x86_64 - build: linux-x86_64 - GMT 00:00
May 29, 2023 20:25:05.584 [274969991936] INFO - Linux version: 5.15.49-linuxkit, language: en-US
May 29, 2023 20:25:05.586 [274969991936] INFO - Processor: 5-core QEMU TCG CPU version 2.5+
May 29, 2023 20:25:05.587 [274969991936] INFO - /usr/lib/plexmediaserver/Plex Media Scanner --match --type 8 --log-file-suffix  Matcher --files /data/media/music/Another One Bites the Dust - Queen.mp3
May 29, 2023 20:25:05.562 [274969131840] DEBUG - Opening 20 database sessions to library (com.plexapp.plugins.library), SQLite 3.39.4, threadsafe=1
May 29, 2023 20:25:06.016 [274969131840] INFO - Match: Disc 1 started with track -1 (/data/media/music/Another One Bites the Dust - Queen.mp3), we won't use this method.
May 29, 2023 20:25:06.017 [274969131840] DEBUG - Match: Filename match didn't work, trying text match.
May 29, 2023 20:25:06.017 [274969131840] DEBUG - [MI] Opening input file: "/data/media/music/Another One Bites the Dust - Queen.mp3"
May 29, 2023 20:25:06.019 [274969131840] DEBUG - [FFMPEG] - Opening '/data/media/music/Another One Bites the Dust - Queen.mp3' for reading
May 29, 2023 20:25:06.020 [274969131840] DEBUG - [FFMPEG] - Setting default whitelist 'file,crypto,data'
May 29, 2023 20:25:06.030 [274969131840] DEBUG - [FFMPEG] - Format mp3 probed with size=4096 and score=51
May 29, 2023 20:25:06.030 [274969131840] DEBUG - [FFMPEG] - id3v2 ver:4 flags:00 len:127
May 29, 2023 20:25:06.033 [274969131840] DEBUG - [FFMPEG] - Before avformat_find_stream_info() pos: 137 bytes read:32768 seeks:0 nb_streams:1
May 29, 2023 20:25:06.037 [274969131840] DEBUG - [FFMPEG] - All info found
May 29, 2023 20:25:06.037 [274969131840] WARN - [FFMPEG] - Estimating duration from bitrate, this may be inaccurate
May 29, 2023 20:25:06.038 [274969131840] DEBUG - [FFMPEG] - After avformat_find_stream_info() pos: 31881 bytes read:32768 seeks:0 frames:50
May 29, 2023 20:25:06.041 [274969131840] INFO - CodecManager: obtaining decoder 'mp3'
May 29, 2023 20:25:06.045 [274969131840] DEBUG - [HCl#1] HTTP requesting GET https://plex.tv/api/codecs/mp3_decoder?build=linux-x86_64-standard&deviceId=82cf25f7-3470-4c43-ac89-3511c2a4bbf2&oldestPreviousVersion=legacy&version=8217c1c-4565
May 29, 2023 20:25:06.440 [274994191104] DEBUG - [HttpClient/HCl#1] HTTP/2.0 (0.4s) 200 response from GET https://plex.tv/api/codecs/mp3_decoder?build=linux-x86_64-standard&deviceId=82cf25f7-3470-4c43-ac89-3511c2a4bbf2&oldestPreviousVersion=legacy&version=8217c1c-4565
May 29, 2023 20:25:06.448 [275004332800] DEBUG - [GetFile/HCl#2] HTTP requesting GET https://downloads.plex.tv/codecs/8217c1c-4565/linux-x86_64-standard/libmp3_decoder.so
May 29, 2023 20:25:06.722 [274994191104] DEBUG - [HttpClient/HCl#2] HTTP/2.0 (0.3s) 200 response from GET https://downloads.plex.tv/codecs/8217c1c-4565/linux-x86_64-standard/libmp3_decoder.so
May 29, 2023 20:25:06.741 [274969131840] DEBUG - [MI] Chapters had generic titles, clearing.
May 29, 2023 20:25:06.742 [274969131840] DEBUG - [MI] Closing input file: "/data/media/music/Another One Bites the Dust - Queen.mp3"
May 29, 2023 20:25:06.744 [274969131840] DEBUG - Match: Read data for  /  (-1)
May 29, 2023 20:25:06.744 [274969131840] DEBUG -  ∙ 00 / 00 - Another One Bites the Dust - Queen
May 29, 2023 20:25:06.744 [274969131840] DEBUG - Match: Finding matches for  - 
May 29, 2023 20:25:06.744 [274969131840] DEBUG - Match: Album might be Various Artists: 0
May 29, 2023 20:25:06.747 [275011087104] DEBUG - Match: Fingerprinting file '/data/media/music/Another One Bites the Dust - Queen.mp3'
May 29, 2023 20:25:06.748 [275011087104] DEBUG - [JobRunner] Job running: "/usr/lib/plexmediaserver/Plex Media Fingerprinter" "/data/media/music/Another One Bites the Dust - Queen.mp3"
May 29, 2023 20:25:06.751 [275011087104] DEBUG - [JobRunner] Jobs: Starting child process with pid 2860
May 29, 2023 20:25:08.224 [275011087104] ERROR - BufferingLineReader: failed to read line (error: -1)
May 29, 2023 20:25:08.225 [275011087104] DEBUG - Killing job.
May 29, 2023 20:25:08.225 [274969692928] DEBUG - Jobs: '/usr/lib/plexmediaserver/Plex Media Fingerprinter' exit code for process 2860 is 0 (success)
May 29, 2023 20:25:08.225 [275011087104] DEBUG - Signalling job ID 2860 with 9
May 29, 2023 20:25:08.228 [275011087104] DEBUG - [HCl#3] HTTP requesting GET http://127.0.0.1:32400/user/services/acoustid
May 29, 2023 20:25:08.232 [274994191104] DEBUG - [HttpClient/HCl#3] HTTP/1.1 (0.0s) 200 response from GET http://127.0.0.1:32400/user/services/acoustid
May 29, 2023 20:25:08.239 [275011087104] DEBUG - [HCl#4] HTTP requesting GET https://acoustid.plex.tv/lookup?client=yjCl9dilxU&duration=215&fingerprint=AQADtImUUckkLfgRi8erFBP_Iw314gy87kcroiSN10Ga6iiTD__wB9OPpjsuxcW1o4n44LlQx0cuQ9-O70jHGjdxH2HSCU_U1Wh2fNBEHbaOSzueI30u9MePZz3WaBHCHL0Efd6OZzwKOwysdCiTV7iJ6UXzyLgOVTvCSNGDZhor_GimGP2RFx4JldLRF43Sa_hGo9kd9DUi2SH8wx_RI1Y_6Avy6bgOhCvMSyiPP3iSY4qeok-GyoS4pAlKfviO2sYDsUcosR2uTA8eOHRm_Ci5CmGe4negqUfTBU--oAvJBU4PV8QH58PEQg8vPGouHPrRRzn8o2TxHOeh5c9QFWUOcWqO6Q96I72CkEqOJ4l4JGfx44KbHv9wDyEPT1MewfmhcTq0qUrRxCT0HT1zY3uJHv3hC5pEBvfx4zvKByIXlMNP9Efq5Hh0NFFW7Dx6ND3e-ni4WAiXQ0SuKMSjzduQP0LC0Eaf5MVJo_mDkg8eKUVIiUfCODJ6_BkePvhkoc8OT2JI9MZLCYkfhBaR_7gsiAvx7ELMw5eLMnuGhwz6Y0rw4JJ4NEtVdD0-hchz4XoOXXqESmhqPIzx7dAkGc-6o7dRuyl8CeJ_9MHVE1f0QMc_Qwufokd14lF-9Dp66D1sPXgiWPGI6tgjG_3hSUcuOJIYB65hZTrCjjF0LWiPZmWx54QWTUdlighZVpjCTxJK8kRzJscR8jESVlmD_3B-NByP4zOa_EfYHJqqC2F-1JsYoeGW4POKH30Yrvg24Q1Sjie0L0WuHD_e42SJlseLvDyS-cKVuPiHpkf5DKeO01GIPsrhXUcfFqF2iGMZHGHk4ZzQH4225ehzwZpYDTnD8NCyI4-LcoerfINfXB-a58iZQWnKCtUy5OxxHrwS4kf2BU-OXTSqJY0lXEefUIJ39Euy4FQOXblw7YZXMshz_MPz9Ij0w9Xx4CuR5zPc7ThPHOlWaExEhDex53D9o2r4IFyeCZp85MIXBrUPj7lgxkEoVbHQOA-mlcnxR8ezB83WQw_hSsMP16jEZ_iiYA_2c5B71PBDaA3KU4Lo4__wo_ELPcd3TNfxw8kSDZqU2MiZ46SEO_CW40N-wRO3QXWGKS86VDq8REuFHH4r9E_xIuQeNIzCCfqFX0KsG304HamW8DiPMrGFnjEMcsoCT8k6XDnewg-JHqe-odkuhFOOHlSo40p4uNSD__CYB7V49DmY5Ed_WDk5jIqmMHA3JPuKvHOJv8GZ40IaWYcsNStx5hPCX2iOvIhkHs17XNmDc0kQ78b8Q0scakd4DR_eWMMphBJrBQ15XDp2hLnAPDimLPJRSqvwpsM1JMu0HaEU6ei2B8114c-Nk2gXoTp28TiVoD-aB5eMk8eNMKGKctqhMUH65cKxJw-aHnmStIOqI2-Of2jCRChJ4zt-hJkkoc5RGeLIw0mSLR6eE66Nl_BHTD9-aM0UFx-6C2cJ7XCco4xwqDyavviPMwzEBWWfYhd-ocoSNEtMXGSKT8eXC2aoDLHuGe_R5AtK6bg2E7k0BzpCWkVDHv9wBTdxornQH7GHR4PKhEaZ8WiOk9BzPDou9IliYsooFd8ysDfe4EEYhUef45Zw5bgPtksRZjr6Qk_e43mOnkQzycOzdBG097jyw_mO7jr0RkeeF_1xboc3D6cyPDtKZhbyE8kVJWjcY3qOP5iYwCNzPEN6kNNTpDvudvCLS-zhH_2O82jWgGnO4FoyLsbx7egeIlJ-48nxCHsTG-1OTMF14ccVQ9eWG9fR_OilEO0yeFPgP6j0cFCj2EeY_eiL58ER_tDyI_6HRjnuJRv8C-2DnPmgpWKC8KXwC9eHTmnWGM2Wj_gUxcRrHF6J_IS6PvCJjyt66UGYHxcj5HLRHNra0DjzBPG-ohJ_-MeP3TnyEdq_gMXD87iOP-HQP0LzqLgR8ukEJozx8vixZ-iqI8wVyJE-PLkQivJwHv4wWkePt7iiGOEJRxN_lKmood4Oxx2-5IIYaUSZF_mD6R78oVRCC7ESO9DWKBniwyPa5Dm-a_jR7OlQOe3x2YhYLRMe_igXL0VTZ4VO9Orho1I449EX9Efv4zmFMpIOH32Or8dDHX0G58inZSueHR6Jm9iTx_D04FN2iNrxo4mE58GVo3mCORdeJKcTxByLjoni4cpJlPrxXHiYIrSQfOaIalGG5rhi_EZBdcSP5FmO6uiHZhO-SQ9C6kPzIPeko8mhGY3zI5TK4wcTTjv6oFFDlD_eGR2TXfBrUGKio6KI0kIYntBLI2jOoFTmDV_wVMlxSUelPEU6HZLCIPwavAwc8NKxJw-uBNdC4Ykz4Q9OIzWP5CXOLPOE5_CP_3ie42lVwpkdYXd8PEXz5WhfghPybZgSLUcb5Uqgox_CcO1w5thP3LgWpsIpo1mPcFmPH4-IlyUabUR7E8-PH40TQtOP45J29ISoHC2j40K4_PCI6jx-zNRRaSFMakd4V0LilCGao5SPHw0vHmX1IT-S38E-Hs_R5TmaMcRvHPkxrYnQsAqU40dz5vhhKcZxiCPRXAkeHYX4DK9v9D20HyeOMDlylDd8XIfuQaVqvEeOZsGDSkej7bh-vNlgTkJ_mEVlBuHCHD-kLiGHf0j3rvjwI1dRtvhc4ocWjYN_VJeRx_iOLLnxH3qOcsePr0czG3dayPnRG_vxSmg-VA50_OgD_8F3iMFFFr6GB5FMPegPE9ZD_Ph1-MSeozz-H-0Oi-nR68gtAAqMEUAYJgAjikhICFFACOQEEQIAIBAgFiJCDBFCKEEBEYgAQZABDCBjEJAKQAIAIAAooggCiBHFBFGIAOOAMkIoChACiCgEASACGEAEQIRAIYURhBhFDAAKaCSYgQIARIASgiphiFAENCIYZMAIbgBRgBCHhEIAEEKUQkoQYYwQVhEDHFCAASSIQAAYZBAQAgElGEEAKAAQEMJAIAExBAmBJAKGYKMAI4AwRAQQgDlhIJCEWWcEAIgIQRAQhBAnKBDYICqUIsZAIRAQRgjhKBHMACMIIowABgBRwjEBsCCAGKSEEMAAJJgyxBFAFDCUCAaAkc0QAYRAjABgAACCECAtIIYDgQCRQgCAkAAOEECFMAwZxAwQBgDDFGIGEUEQwQJACywgykloEDAEGAaMgcIIIQwhBAkiAEFKAIAEAQIQ5AQlRBnBkLMMCQIEMIJIAQwxSBCBBCDWACQgIAgwRIEiSjCiEJEAMOy8AwIYILAjAAlihEAAGwEKMoQ6IpwQlkGBEBKAIEUUAAogwAEAhBHBCACIECCEAUQwggAAVDhAhCDMACaNAIoAYQRgCABMhRFAKCUEgEw4IAwTRAAlCACCEbmUIgg5AAwUECAEEBHCKYUAEgAY4CxBwAhBHRGKCUIAgAIYgQAZgCBhhDQKOiCEEkgAAIQREigCkEDEACEEMQIRJIUhBAAhpFWCQEKUEMZaYxgAxgBlEDGAIACAcYABAAUh0ghkARAIACMEcAoAIQRgRAAABGDAGSKIYAABwgwikBgmlAFCCCCEQAAxYIASxAhDgTEEFCOAIoYCAw0QgkAkAHAGIAYEYAoQIAwBADIEACWMUNAccM4yIgwGQAAgFHNIECEUYIqJKoBwChEAqKEEUeKAI8IIxCQiBCjiHDMAAMIAEApBJIxAQAAPCCFEAACQUQogAJQDhgA&format=xml&meta=recordings+releases+sources
May 29, 2023 20:25:08.522 [274994191104] DEBUG - [HttpClient/HCl#4] HTTP/2.0 (0.3s) 200 response from GET https://acoustid.plex.tv/lookup?client=yjCl9dilxU&duration=215&fingerprint=AQADtImUUckkLfgRi8erFBP_Iw314gy87kcroiSN10Ga6iiTD__wB9OPpjsuxcW1o4n44LlQx0cuQ9-O70jHGjdxH2HSCU_U1Wh2fNBEHbaOSzueI30u9MePZz3WaBHCHL0Efd6OZzwKOwysdCiTV7iJ6UXzyLgOVTvCSNGDZhor_GimGP2RFx4JldLRF43Sa_hGo9kd9DUi2SH8wx_RI1Y_6Avy6bgOhCvMSyiPP3iSY4qeok-GyoS4pAlKfviO2sYDsUcosR2uTA8eOHRm_Ci5CmGe4negqUfTBU--oAvJBU4PV8QH58PEQg8vPGouHPrRRzn8o2TxHOeh5c9QFWUOcWqO6Q96I72CkEqOJ4l4JGfx44KbHv9wDyEPT1MewfmhcTq0qUrRxCT0HT1zY3uJHv3hC5pEBvfx4zvKByIXlMNP9Efq5Hh0NFFW7Dx6ND3e-ni4WAiXQ0SuKMSjzduQP0LC0Eaf5MVJo_mDkg8eKUVIiUfCODJ6_BkePvhkoc8OT2JI9MZLCYkfhBaR_7gsiAvx7ELMw5eLMnuGhwz6Y0rw4JJ4NEtVdD0-hchz4XoOXXqESmhqPIzx7dAkGc-6o7dRuyl8CeJ_9MHVE1f0QMc_Qwufokd14lF-9Dp66D1sPXgiWPGI6tgjG_3hSUcuOJIYB65hZTrCjjF0LWiPZmWx54QWTUdlighZVpjCTxJK8kRzJscR8jESVlmD_3B-NByP4zOa_EfYHJqqC2F-1JsYoeGW4POKH30Yrvg24Q1Sjie0L0WuHD_e42SJlseLvDyS-cKVuPiHpkf5DKeO01GIPsrhXUcfFqF2iGMZHGHk4ZzQH4225ehzwZpYDTnD8NCyI4-LcoerfINfXB-a58iZQWnKCtUy5OxxHrwS4kf2BU-OXTSqJY0lXEefUIJ39Euy4FQOXblw7YZXMshz_MPz9Ij0w9Xx4CuR5zPc7ThPHOlWaExEhDex53D9o2r4IFyeCZp85MIXBrUPj7lgxkEoVbHQOA-mlcnxR8ezB83WQw_hSsMP16jEZ_iiYA_2c5B71PBDaA3KU4Lo4__wo_ELPcd3TNfxw8kSDZqU2MiZ46SEO_CW40N-wRO3QXWGKS86VDq8REuFHH4r9E_xIuQeNIzCCfqFX0KsG304HamW8DiPMrGFnjEMcsoCT8k6XDnewg-JHqe-odkuhFOOHlSo40p4uNSD__CYB7V49DmY5Ed_WDk5jIqmMHA3JPuKvHOJv8GZ40IaWYcsNStx5hPCX2iOvIhkHs17XNmDc0kQ78b8Q0scakd4DR_eWMMphBJrBQ15XDp2hLnAPDimLPJRSqvwpsM1JMu0HaEU6ei2B8114c-Nk2gXoTp28TiVoD-aB5eMk8eNMKGKctqhMUH65cKxJw-aHnmStIOqI2-Of2jCRChJ4zt-hJkkoc5RGeLIw0mSLR6eE66Nl_BHTD9-aM0UFx-6C2cJ7XCco4xwqDyavviPMwzEBWWfYhd-ocoSNEtMXGSKT8eXC2aoDLHuGe_R5AtK6bg2E7k0BzpCWkVDHv9wBTdxornQH7GHR4PKhEaZ8WiOk9BzPDou9IliYsooFd8ysDfe4EEYhUef45Zw5bgPtksRZjr6Qk_e43mOnkQzycOzdBG097jyw_mO7jr0RkeeF_1xboc3D6cyPDtKZhbyE8kVJWjcY3qOP5iYwCNzPEN6kNNTpDvudvCLS-zhH_2O82jWgGnO4FoyLsbx7egeIlJ-48nxCHsTG-1OTMF14ccVQ9eWG9fR_OilEO0yeFPgP6j0cFCj2EeY_eiL58ER_tDyI_6HRjnuJRv8C-2DnPmgpWKC8KXwC9eHTmnWGM2Wj_gUxcRrHF6J_IS6PvCJjyt66UGYHxcj5HLRHNra0DjzBPG-ohJ_-MeP3TnyEdq_gMXD87iOP-HQP0LzqLgR8ukEJozx8vixZ-iqI8wVyJE-PLkQivJwHv4wWkePt7iiGOEJRxN_lKmood4Oxx2-5IIYaUSZF_mD6R78oVRCC7ESO9DWKBniwyPa5Dm-a_jR7OlQOe3x2YhYLRMe_igXL0VTZ4VO9Orho1I449EX9Efv4zmFMpIOH32Or8dDHX0G58inZSueHR6Jm9iTx_D04FN2iNrxo4mE58GVo3mCORdeJKcTxByLjoni4cpJlPrxXHiYIrSQfOaIalGG5rhi_EZBdcSP5FmO6uiHZhO-SQ9C6kPzIPeko8mhGY3zI5TK4wcTTjv6oFFDlD_eGR2TXfBrUGKio6KI0kIYntBLI2jOoFTmDV_wVMlxSUelPEU6HZLCIPwavAwc8NKxJw-uBNdC4Ykz4Q9OIzWP5CXOLPOE5_CP_3ie42lVwpkdYXd8PEXz5WhfghPybZgSLUcb5Uqgox_CcO1w5thP3LgWpsIpo1mPcFmPH4-IlyUabUR7E8-PH40TQtOP45J29ISoHC2j40K4_PCI6jx-zNRRaSFMakd4V0LilCGao5SPHw0vHmX1IT-S38E-Hs_R5TmaMcRvHPkxrYnQsAqU40dz5vhhKcZxiCPRXAkeHYX4DK9v9D20HyeOMDlylDd8XIfuQaVqvEeOZsGDSkej7bh-vNlgTkJ_mEVlBuHCHD-kLiGHf0j3rvjwI1dRtvhc4ocWjYN_VJeRx_iOLLnxH3qOcsePr0czG3dayPnRG_vxSmg-VA50_OgD_8F3iMFFFr6GB5FMPegPE9ZD_Ph1-MSeozz-H-0Oi-nR68gtAAqMEUAYJgAjikhICFFACOQEEQIAIBAgFiJCDBFCKEEBEYgAQZABDCBjEJAKQAIAIAAooggCiBHFBFGIAOOAMkIoChACiCgEASACGEAEQIRAIYURhBhFDAAKaCSYgQIARIASgiphiFAENCIYZMAIbgBRgBCHhEIAEEKUQkoQYYwQVhEDHFCAASSIQAAYZBAQAgElGEEAKAAQEMJAIAExBAmBJAKGYKMAI4AwRAQQgDlhIJCEWWcEAIgIQRAQhBAnKBDYICqUIsZAIRAQRgjhKBHMACMIIowABgBRwjEBsCCAGKSEEMAAJJgyxBFAFDCUCAaAkc0QAYRAjABgAACCECAtIIYDgQCRQgCAkAAOEECFMAwZxAwQBgDDFGIGEUEQwQJACywgykloEDAEGAaMgcIIIQwhBAkiAEFKAIAEAQIQ5AQlRBnBkLMMCQIEMIJIAQwxSBCBBCDWACQgIAgwRIEiSjCiEJEAMOy8AwIYILAjAAlihEAAGwEKMoQ6IpwQlkGBEBKAIEUUAAogwAEAhBHBCACIECCEAUQwggAAVDhAhCDMACaNAIoAYQRgCABMhRFAKCUEgEw4IAwTRAAlCACCEbmUIgg5AAwUECAEEBHCKYUAEgAY4CxBwAhBHRGKCUIAgAIYgQAZgCBhhDQKOiCEEkgAAIQREigCkEDEACEEMQIRJIUhBAAhpFWCQEKUEMZaYxgAxgBlEDGAIACAcYABAAUh0ghkARAIACMEcAoAIQRgRAAABGDAGSKIYAABwgwikBgmlAFCCCCEQAAxYIASxAhDgTEEFCOAIoYCAw0QgkAkAHAGIAYEYAoQIAwBADIEACWMUNAccM4yIgwGQAAgFHNIECEUYIqJKoBwChEAqKEEUeKAI8IIxCQiBCjiHDMAAMIAEApBJIxAQAAPCCFEAACQUQogAJQDhgA&format=xml&meta=recordings+releases+sources
May 29, 2023 20:25:08.693 [274969131840] DEBUG - Match: Fingerprinting of first and last tracks completed in 1.9 sec.
May 29, 2023 20:25:08.693 [274969131840] DEBUG - Match: Finding matches for  - 
May 29, 2023 20:25:08.693 [274969131840] DEBUG - Match: Album might be Various Artists: 0
May 29, 2023 20:25:08.695 [274969131840] DEBUG - Match: Considering 263 releases from fingerprinting.
May 29, 2023 20:25:08.697 [274969131840] DEBUG - Match: Ended up with 10 releases from fingerprinting.
May 29, 2023 20:25:12.065 [274969131840] DEBUG - Match: We found 10 worthy releases and got back 10 album details.
May 29, 2023 20:25:12.065 [274969131840] DEBUG - Match: Candidate: Queen - The Greatest Hits I, II & III: The Platinum Collection (00066f8c-9957-4738-9828-a6db37431dd9)
May 29, 2023 20:25:12.078 [274969131840] DEBUG - Match: Computing track assignment (1 x 51)
May 29, 2023 20:25:12.081 [274969131840] DEBUG - Match: Distance between 00 / 00 - 'Another One Bites the Dust - Queen' and 01 / 02 - 'Another One Bites the Dust' is 0.000000 ({'track_id': [0.00000], 'track_length': [0.00000]})
May 29, 2023 20:25:12.083 [274969131840] DEBUG - Match: Album distance 0.905 — {'album': [0.98039], 'artist': [0.98039], 'missing_tracks': [1.00000, 1.00000, 1.00000, 1.00000, 1.00000, 1.00000, 1.00000, 1.00000, 1.00000, 1.00000, 1.00000, 1.00000, 1.00000, 1.00000, 1.00000, 1.00000], 'tracks': [0.00000]}
May 29, 2023 20:25:12.083 [274969131840] DEBUG - Match: Candidate: Queen - Bohemian Rhapsody: The Original Soundtrack (0170d2eb-fa1a-40bd-ab57-6560d3f1625b)
May 29, 2023 20:25:12.088 [274969131840] DEBUG - Match: Computing track assignment (1 x 22)
May 29, 2023 20:25:12.088 [274969131840] DEBUG - Match: Distance between 00 / 00 - 'Another One Bites the Dust - Queen' and 01 / 12 - 'Another One Bites the Dust' is 0.000000 ({'track_id': [0.00000], 'track_length': [0.00000]})
May 29, 2023 20:25:12.088 [274969131840] DEBUG - Match: Album distance 0.916 — {'album': [0.95455], 'artist': [0.95455], 'missing_tracks': [1.00000, 1.00000, 1.00000, 1.00000, 1.00000, 1.00000, 1.00000, 1.00000, 1.00000, 1.00000, 1.00000, 1.00000, 1.00000, 1.00000, 1.00000, 1.00000, 1.00000, 1.00000, 1.00000, 1.00000, 1.00000], 'tracks': [0.00000]}
May 29, 2023 20:25:12.088 [274969131840] DEBUG - Match: Candidate: Various Artists - The Best Club Anthems: 80s Classics (0306d386-0baf-44fd-8ae0-7e0a070bbb3a)
May 29, 2023 20:25:12.099 [274969131840] DEBUG - Match: Computing track assignment (1 x 51)
May 29, 2023 20:25:12.099 [274969131840] DEBUG - Match: Distance between 00 / 00 - 'Another One Bites the Dust - Queen' and 01 / 01 - 'Another One Bites the Dust' (Queen) is 0.000000 ({'track_id': [0.00000], 'track_length': [0.00000]})
May 29, 2023 20:25:12.100 [274969131840] DEBUG - Match: Album distance 0.894 — {'album': [0.98039], 'missing_tracks': [1.00000, 1.00000, 1.00000, 1.00000, 1.00000, 1.00000, 1.00000, 1.00000, 1.00000, 1.00000, 1.00000, 1.00000, 1.00000, 1.00000, 1.00000, 1.00000], 'tracks': [0.00000]}
May 29, 2023 20:25:12.100 [274969131840] DEBUG - Match: Candidate: Queen - Greatest Hits (fcb78d0d-8067-4b93-ae58-1e4347e20216)
May 29, 2023 20:25:12.103 [274969131840] DEBUG - Match: Computing track assignment (1 x 18)
May 29, 2023 20:25:12.103 [274969131840] DEBUG - Match: Distance between 00 / 00 - 'Another One Bites the Dust - Queen' and 01 / 02 - 'Another One Bites the Dust' is 0.000000 ({'track_id': [0.00000], 'track_length': [0.00000]})
May 29, 2023 20:25:12.103 [274969131840] DEBUG - Match: Album distance 0.900 — {'album': [0.94444], 'artist': [0.94444], 'missing_tracks': [1.00000, 1.00000, 1.00000, 1.00000, 1.00000, 1.00000, 1.00000, 1.00000, 1.00000, 1.00000, 1.00000, 1.00000, 1.00000, 1.00000, 1.00000, 1.00000, 1.00000], 'tracks': [0.00000]}
May 29, 2023 20:25:12.103 [274969131840] DEBUG - Match: Candidate: Queen - Greatest Hits (0668d85b-9d8f-4d8e-9b74-3b1420b605be)
May 29, 2023 20:25:12.106 [274969131840] DEBUG - Match: Computing track assignment (1 x 17)
May 29, 2023 20:25:12.107 [274969131840] DEBUG - Match: Distance between 00 / 00 - 'Another One Bites the Dust - Queen' and 01 / 02 - 'Another One Bites the Dust' is 0.000000 ({'track_id': [0.00000], 'track_length': [0.00000]})
May 29, 2023 20:25:12.107 [274969131840] DEBUG - Match: Album distance 0.895 — {'album': [0.94118], 'artist': [0.94118], 'missing_tracks': [1.00000, 1.00000, 1.00000, 1.00000, 1.00000, 1.00000, 1.00000, 1.00000, 1.00000, 1.00000, 1.00000, 1.00000, 1.00000, 1.00000, 1.00000, 1.00000], 'tracks': [0.00000]}
May 29, 2023 20:25:12.107 [274969131840] DEBUG - Match: Candidate: Queen - Greatest Hits I, II & III: The Platinum Collection (0955c8ab-fb12-4aea-ad25-5b9f4b087a33)
May 29, 2023 20:25:12.116 [274969131840] DEBUG - Match: Computing track assignment (1 x 51)
May 29, 2023 20:25:12.117 [274969131840] DEBUG - Match: Distance between 00 / 00 - 'Another One Bites the Dust - Queen' and 01 / 02 - 'Another One Bites the Dust' is 0.000000 ({'track_id': [0.00000], 'track_length': [0.00000]})
May 29, 2023 20:25:12.117 [274969131840] DEBUG - Match: Album distance 0.905 — {'album': [0.98039], 'artist': [0.98039], 'missing_tracks': [1.00000, 1.00000, 1.00000, 1.00000, 1.00000, 1.00000, 1.00000, 1.00000, 1.00000, 1.00000, 1.00000, 1.00000, 1.00000, 1.00000, 1.00000, 1.00000], 'tracks': [0.00000]}
May 29, 2023 20:25:12.117 [274969131840] DEBUG - Match: Candidate: Queen - The Complete Works (0a2bb1a5-1e64-46cc-94ad-95d3a7c11ab3)
May 29, 2023 20:25:12.145 [274969131840] DEBUG - Match: Computing track assignment (1 x 158)
May 29, 2023 20:25:12.147 [274969131840] DEBUG - Match: Distance between 00 / 00 - 'Another One Bites the Dust - Queen' and 10 / 03 - 'Another One Bites the Dust' is 0.000000 ({'track_id': [0.00000], 'track_length': [0.00000]})
May 29, 2023 20:25:12.148 [274969131840] DEBUG - Match: Album distance 0.873 — {'album': [0.99367], 'artist': [0.99367], 'missing_tracks': [1.00000, 1.00000, 1.00000, 1.00000, 1.00000, 1.00000, 1.00000, 1.00000, 1.00000], 'tracks': [0.00000]}
May 29, 2023 20:25:12.148 [274969131840] DEBUG - Match: Candidate: Various Artists - NOW Yearbook '80 (0a51b995-a9a8-410f-ba2f-fdbf87c7af47)
May 29, 2023 20:25:12.164 [274969131840] DEBUG - Match: Computing track assignment (1 x 85)
May 29, 2023 20:25:12.165 [274969131840] DEBUG - Match: Distance between 00 / 00 - 'Another One Bites the Dust - Queen' and 01 / 01 - 'Another One Bites The Dust' (Queen) is 0.000000 ({'track_id': [0.00000], 'track_length': [0.00000]})
May 29, 2023 20:25:12.165 [274969131840] DEBUG - Match: Album distance 0.912 — {'album': [0.98824], 'missing_tracks': [1.00000, 1.00000, 1.00000, 1.00000, 1.00000, 1.00000, 1.00000, 1.00000, 1.00000, 1.00000, 1.00000, 1.00000, 1.00000, 1.00000, 1.00000, 1.00000, 1.00000, 1.00000, 1.00000, 1.00000], 'tracks': [0.00000]}
May 29, 2023 20:25:12.165 [274969131840] DEBUG - Match: Candidate: Queen - Greatest Hits: We Will Rock You (0b36280e-bbc6-47bd-a24c-12afff13826e)
May 29, 2023 20:25:12.169 [274969131840] DEBUG - Match: Computing track assignment (1 x 20)
May 29, 2023 20:25:12.169 [274969131840] DEBUG - Match: Distance between 00 / 00 - 'Another One Bites the Dust - Queen' and 01 / 02 - 'Another One Bites the Dust' is 0.000000 ({'track_id': [0.00000], 'track_length': [0.00000]})
May 29, 2023 20:25:12.169 [274969131840] DEBUG - Match: Album distance 0.908 — {'album': [0.95000], 'artist': [0.95000], 'missing_tracks': [1.00000, 1.00000, 1.00000, 1.00000, 1.00000, 1.00000, 1.00000, 1.00000, 1.00000, 1.00000, 1.00000, 1.00000, 1.00000, 1.00000, 1.00000, 1.00000, 1.00000, 1.00000, 1.00000], 'tracks': [0.00000]}
May 29, 2023 20:25:12.169 [274969131840] DEBUG - Match: Candidate: Queen - Greatest Hits (0b840651-dffa-421e-a247-1249716c2ace)
May 29, 2023 20:25:12.172 [274969131840] DEBUG - Match: Computing track assignment (1 x 14)
May 29, 2023 20:25:12.172 [274969131840] DEBUG - Match: Distance between 00 / 00 - 'Another One Bites the Dust - Queen' and 01 / 01 - 'Another One Bites the Dust' is 0.000000 ({'track_id': [0.00000], 'track_length': [0.00000]})
May 29, 2023 20:25:12.172 [274969131840] DEBUG - Match: Album distance 0.877 — {'album': [0.92857], 'artist': [0.92857], 'missing_tracks': [1.00000, 1.00000, 1.00000, 1.00000, 1.00000, 1.00000, 1.00000, 1.00000, 1.00000, 1.00000, 1.00000, 1.00000, 1.00000], 'tracks': [0.00000]}
