May 29, 2023 20:25:13.318 [274970004224] INFO - Plex Media Scanner v1.32.2.7100-248a2daf0 - Docker Docker Container x86_64 - build: linux-x86_64 - GMT 00:00
May 29, 2023 20:25:13.338 [274970004224] INFO - Linux version: 5.15.49-linuxkit, language: en-US
May 29, 2023 20:25:13.340 [274970004224] INFO - Processor: 5-core QEMU TCG CPU version 2.5+
May 29, 2023 20:25:13.340 [274970004224] INFO - /usr/lib/plexmediaserver/Plex Media Scanner --match --type 8 --log-file-suffix  Matcher --item 3 --match-tag-mode=exclusive
May 29, 2023 20:25:13.320 [274969131840] DEBUG - Opening 20 database sessions to library (com.plexapp.plugins.library), SQLite 3.39.4, threadsafe=1
May 29, 2023 20:25:13.846 [274969131840] DEBUG - [MI] Opening input file: "/data/media/music/Another One Bites the Dust - Queen.mp3"
May 29, 2023 20:25:13.848 [274969131840] DEBUG - [FFMPEG] - Opening '/data/media/music/Another One Bites the Dust - Queen.mp3' for reading
May 29, 2023 20:25:13.849 [274969131840] DEBUG - [FFMPEG] - Setting default whitelist 'file,crypto,data'
May 29, 2023 20:25:13.857 [274969131840] DEBUG - [FFMPEG] - Format mp3 probed with size=4096 and score=51
May 29, 2023 20:25:13.857 [274969131840] DEBUG - [FFMPEG] - id3v2 ver:4 flags:00 len:127
May 29, 2023 20:25:13.861 [274969131840] DEBUG - [FFMPEG] - Before avformat_find_stream_info() pos: 137 bytes read:32768 seeks:0 nb_streams:1
May 29, 2023 20:25:13.877 [274969131840] DEBUG - [FFMPEG] - All info found
May 29, 2023 20:25:13.877 [274969131840] WARN - [FFMPEG] - Estimating duration from bitrate, this may be inaccurate
May 29, 2023 20:25:13.878 [274969131840] DEBUG - [FFMPEG] - After avformat_find_stream_info() pos: 31881 bytes read:32768 seeks:0 frames:50
May 29, 2023 20:25:13.883 [274969131840] DEBUG - [MI] Chapters had generic titles, clearing.
May 29, 2023 20:25:13.884 [274969131840] DEBUG - [MI] Closing input file: "/data/media/music/Another One Bites the Dust - Queen.mp3"
May 29, 2023 20:25:13.887 [274969131840] INFO - Match: Disc 1 started with track -1 (/data/media/music/Another One Bites the Dust - Queen.mp3), we won't use this method.
May 29, 2023 20:25:13.889 [274969131840] DEBUG - [MI] Opening input file: "/data/media/music/Another One Bites the Dust - Queen.mp3"
May 29, 2023 20:25:13.889 [274969131840] DEBUG - [FFMPEG] - Opening '/data/media/music/Another One Bites the Dust - Queen.mp3' for reading
May 29, 2023 20:25:13.889 [274969131840] DEBUG - [FFMPEG] - Setting default whitelist 'file,crypto,data'
May 29, 2023 20:25:13.891 [274969131840] DEBUG - [FFMPEG] - Format mp3 probed with size=4096 and score=51
May 29, 2023 20:25:13.891 [274969131840] DEBUG - [FFMPEG] - id3v2 ver:4 flags:00 len:127
May 29, 2023 20:25:13.891 [274969131840] DEBUG - [FFMPEG] - Before avformat_find_stream_info() pos: 137 bytes read:32768 seeks:0 nb_streams:1
May 29, 2023 20:25:13.892 [274969131840] DEBUG - [FFMPEG] - All info found
May 29, 2023 20:25:13.892 [274969131840] WARN - [FFMPEG] - Estimating duration from bitrate, this may be inaccurate
May 29, 2023 20:25:13.892 [274969131840] DEBUG - [FFMPEG] - After avformat_find_stream_info() pos: 31881 bytes read:32768 seeks:0 frames:50
May 29, 2023 20:25:13.893 [274969131840] DEBUG - [MI] Chapters had generic titles, clearing.
May 29, 2023 20:25:13.893 [274969131840] DEBUG - [MI] Closing input file: "/data/media/music/Another One Bites the Dust - Queen.mp3"
