May 29, 2023 21:55:18.205 [0x4003607b38] INFO - Plex Tuner Service v1.32.2.7100-248a2daf0 - Docker Docker Container x86_64 - build: 
May 29, 2023 21:55:18.220 [0x4003607b38] INFO - Linux version: 5.15.49-linuxkit (#1 SMP PREEMPT Tue Sep 13 07:51:32 UTC 2022), language: en-US
May 29, 2023 21:55:18.221 [0x4003607b38] INFO - Processor QEMU TCG CPU version 2.5+
May 29, 2023 21:55:18.222 [0x4003607b38] INFO - /usr/lib/plexmediaserver/Plex Tuner Service /usr/lib/plexmediaserver/Resources/Tuner/Private /usr/lib/plexmediaserver/Resources/Tuner/Shared 1.32.2.7100-248a2daf0 32600
May 29, 2023 21:55:18.160 [0x4001b32808] INFO - [I] broker_t::start...
May 29, 2023 21:55:18.207 [0x4001b32808] INFO - [I] device_manager_t::init.
May 29, 2023 21:55:18.208 [0x4001b32808] INFO - [I] device_manager_t::init. Initialize provider manager
May 29, 2023 21:55:18.208 [0x4001b32808] INFO - [I] device_manager_t::init. Initialize all device auxes
May 29, 2023 21:55:18.209 [0x4001b32808] INFO - [I] dvb_device_factory_t::get_aux_list
May 29, 2023 21:55:18.212 [0x4001b32808] INFO - [I] tvbutler_aux_t::init
May 29, 2023 21:55:18.260 [0x4001b32808] INFO - [I] web_server_t::start. Starting web server on port 32600
May 29, 2023 21:55:20.276 [0x4003ee9b38] INFO - [I] web_service_t::process_device_discovery
May 29, 2023 21:55:20.276 [0x4003ee9b38] INFO - [I] device_reactor_t::get_device_list ()
May 29, 2023 21:55:22.299 [0x4003ee9b38] INFO - [I] SAT2IP - discover_satip_servers(): no servers found
May 29, 2023 21:55:22.710 [0x4003ee9b38] INFO - [I] v4l::DeviceGetList_impl. getting v4l device list
May 29, 2023 21:55:22.718 [0x4003ee9b38] INFO - [I] onetv_factory::DeviceGetListEx >>
May 29, 2023 21:55:22.720 [0x4003ee9b38] WARN - [W] onetv_factory::DeviceGetListEx. libusb_init returned an error -99
May 29, 2023 21:56:01.840 [0x4001b32808] INFO - Received SIGINT: Interrupt from keyboard.
May 29, 2023 21:56:01.874 [0x4001b32808] INFO - [I] device_manager_t::term
May 29, 2023 21:56:01.874 [0x4001b32808] INFO - [I] device_manager_t::term. Stop all devices
May 29, 2023 21:56:01.875 [0x4001b32808] INFO - [I] device_manager_t::term. Shut down all device auxes
May 29, 2023 21:56:01.875 [0x4001b32808] INFO - [I] tvbutler_aux_t::term
May 29, 2023 21:56:01.882 [0x4001b32808] INFO - [I] web_server_t::stop. Web server is stopped
May 29, 2023 21:56:01.883 [0x4001b32808] INFO - [I] device_manager_t::term
May 29, 2023 21:56:01.883 [0x4001b32808] INFO - [I] device_manager_t::term. Stop all devices
May 29, 2023 21:56:01.883 [0x4001b32808] INFO - [I] device_manager_t::term. Shut down all device auxes
