May 29, 2023 20:24:12.449 [274970004224] INFO - Plex Media Scanner v1.32.2.7100-248a2daf0 - Docker Docker Container x86_64 - build: linux-x86_64 - GMT 00:00
May 29, 2023 20:24:12.465 [274970004224] INFO - Linux version: 5.15.49-linuxkit, language: en-US
May 29, 2023 20:24:12.466 [274970004224] INFO - Processor: 5-core QEMU TCG CPU version 2.5+
May 29, 2023 20:24:12.467 [274970004224] INFO - /usr/lib/plexmediaserver/Plex Media Scanner --analyze --log-file-suffix  Analysis --item 1
May 29, 2023 20:24:12.461 [274969131840] DEBUG - Opening 20 database sessions to library (com.plexapp.plugins.library), SQLite 3.39.4, threadsafe=1
May 29, 2023 20:24:12.912 [274969131840] DEBUG - Analyzing media parts for item 1 (Regarder 1001 Pattes Film Complet en Francais Meilleurs Moments): 1
May 29, 2023 20:24:12.936 [274969131840] DEBUG - Downloading document http://127.0.0.1:32400/library/changestamp
May 29, 2023 20:24:12.939 [274969131840] DEBUG - [HCl#1] HTTP requesting GET http://127.0.0.1:32400/library/changestamp
May 29, 2023 20:24:12.955 [274994432768] DEBUG - [HttpClient/HCl#1] HTTP/1.1 (0.0s) 200 response from GET http://127.0.0.1:32400/library/changestamp
May 29, 2023 20:24:12.960 [274969131840] DEBUG - Updating metadata item (save) (Regarder 1001 Pattes Film Complet en Francais Meilleurs Moments) with ID 1
May 29, 2023 20:24:13.007 [274969131840] DEBUG - [ID 1] Media part analysis: /data/media/movies/Regarder 1001 pattes - Film Complet En Francais - Meilleurs Moments.mp4
May 29, 2023 20:24:13.013 [274969131840] DEBUG - [MI] Opening input file: "/data/media/movies/Regarder 1001 pattes - Film Complet En Francais - Meilleurs Moments.mp4"
May 29, 2023 20:24:13.015 [274969131840] DEBUG - [FFMPEG] - Opening '/data/media/movies/Regarder 1001 pattes - Film Complet En Francais - Meilleurs Moments.mp4' for reading
May 29, 2023 20:24:13.016 [274969131840] DEBUG - [FFMPEG] - Setting default whitelist 'file,crypto,data'
May 29, 2023 20:24:13.023 [274969131840] DEBUG - [FFMPEG] - Format mov,mp4,m4a,3gp,3g2,mj2 probed with size=2048 and score=100
May 29, 2023 20:24:13.024 [274969131840] DEBUG - [FFMPEG] - ISO: File Type Major Brand: mp42
May 29, 2023 20:24:13.026 [274969131840] DEBUG - [FFMPEG] - Unknown dref type 0x206c7275 size 12
May 29, 2023 20:24:13.070 [274969131840] DEBUG - [FFMPEG] - Processing st: 0, edit list 0 - media time: 1001, duration: 115319204
May 29, 2023 20:24:13.096 [274969131840] DEBUG - [FFMPEG] - Offset DTS by 1001 to make first pts zero.
May 29, 2023 20:24:13.099 [274969131840] DEBUG - [FFMPEG] - Setting codecpar->delay to 1 for stream st: 0
May 29, 2023 20:24:13.100 [274969131840] DEBUG - [FFMPEG] - Unknown dref type 0x206c7275 size 12
May 29, 2023 20:24:13.135 [274969131840] DEBUG - [FFMPEG] - Before avformat_find_stream_info() pos: 2000968 bytes read:2033595 seeks:0 nb_streams:2
May 29, 2023 20:24:13.140 [274969131840] DEBUG - [FFMPEG] - nal_unit_type: 7(SPS), nal_ref_idc: 3
May 29, 2023 20:24:13.141 [274969131840] DEBUG - [FFMPEG] - nal_unit_type: 8(PPS), nal_ref_idc: 3
May 29, 2023 20:24:13.143 [274969131840] DEBUG - [FFMPEG] - nal_unit_type: 7(SPS), nal_ref_idc: 3
May 29, 2023 20:24:13.144 [274969131840] DEBUG - [FFMPEG] - nal_unit_type: 8(PPS), nal_ref_idc: 3
May 29, 2023 20:24:13.147 [274969131840] DEBUG - [FFMPEG] - nal_unit_type: 6(SEI), nal_ref_idc: 0
May 29, 2023 20:24:13.147 [274969131840] DEBUG - [FFMPEG] - nal_unit_type: 5(IDR), nal_ref_idc: 3
May 29, 2023 20:24:13.149 [274969131840] DEBUG - [FFMPEG] - Format yuv420p chosen by get_format().
May 29, 2023 20:24:13.154 [274969131840] DEBUG - [FFMPEG] - no picture 
May 29, 2023 20:24:13.253 [274969131840] DEBUG - [FFMPEG] - nal_unit_type: 1(Coded slice of a non-IDR picture), nal_ref_idc: 2
May 29, 2023 20:24:13.266 [274969131840] DEBUG - [FFMPEG] - nal_unit_type: 1(Coded slice of a non-IDR picture), nal_ref_idc: 2
May 29, 2023 20:24:13.288 [274969131840] DEBUG - [FFMPEG] - nal_unit_type: 1(Coded slice of a non-IDR picture), nal_ref_idc: 2
May 29, 2023 20:24:13.310 [274969131840] DEBUG - [FFMPEG] - nal_unit_type: 1(Coded slice of a non-IDR picture), nal_ref_idc: 2
May 29, 2023 20:24:13.332 [274969131840] DEBUG - [FFMPEG] - nal_unit_type: 1(Coded slice of a non-IDR picture), nal_ref_idc: 2
May 29, 2023 20:24:13.355 [274969131840] DEBUG - [FFMPEG] - nal_unit_type: 1(Coded slice of a non-IDR picture), nal_ref_idc: 2
May 29, 2023 20:24:13.376 [274969131840] DEBUG - [FFMPEG] - nal_unit_type: 1(Coded slice of a non-IDR picture), nal_ref_idc: 2
May 29, 2023 20:24:13.400 [274969131840] DEBUG - [FFMPEG] - All info found
May 29, 2023 20:24:13.403 [274969131840] DEBUG - [FFMPEG] - After avformat_find_stream_info() pos: 2159558 bytes read:2165109 seeks:0 frames:12
May 29, 2023 20:24:13.404 [274969131840] DEBUG - [MI] Opening "/data/media/movies/Regarder 1001 pattes - Film Complet En Francais - Meilleurs Moments.mp4" for MP4 atom parsing
May 29, 2023 20:24:13.405 [274969131840] DEBUG - Mp4AtomParser: Skipping ftyp atom of size 24 at offset 0
May 29, 2023 20:24:13.406 [274969131840] DEBUG - Mp4AtomParser: Found moov atom of size 2000936 at offset 24
May 29, 2023 20:24:13.407 [274969131840] DEBUG - Mp4AtomParser: Found trak atom of size 1118439 at offset 140
May 29, 2023 20:24:13.407 [274969131840] DEBUG - Mp4AtomParser: Found trak atom of size 882264 at offset 1118579
May 29, 2023 20:24:13.407 [274969131840] DEBUG - Mp4AtomParser: Found mdia atom of size 1118303 at offset 276
May 29, 2023 20:24:13.407 [274969131840] DEBUG - Mp4AtomParser: Found minf atom of size 1118168 at offset 411
May 29, 2023 20:24:13.407 [274969131840] DEBUG - Mp4AtomParser: Found stbl atom of size 1118104 at offset 455
May 29, 2023 20:24:13.407 [274969131840] DEBUG - Mp4AtomParser: Found mdia atom of size 882164 at offset 1118679
May 29, 2023 20:24:13.407 [274969131840] DEBUG - Mp4AtomParser: Found minf atom of size 882029 at offset 1118814
May 29, 2023 20:24:13.407 [274969131840] DEBUG - Mp4AtomParser: Found stbl atom of size 881969 at offset 1118858
May 29, 2023 20:24:13.410 [274969131840] DEBUG - [MI]  * a8bb8422ab3d242f8ec12753bdc1e7947634cab7 [mp4 h264/aac] Duration: 4804975ms, 1280x720 (1.777778) 23.976fps, bitrate=1575kbps, audio channels=2, optimizedForStreaming=1 ("/data/media/movies/Regarder 1001 pattes - Film Complet En Francais - Meilleurs Moments.mp4")
May 29, 2023 20:24:13.412 [274969131840] DEBUG - [MI] Chapters had generic titles, clearing.
May 29, 2023 20:24:13.415 [274969131840] DEBUG - [MI] Closing input file: "/data/media/movies/Regarder 1001 pattes - Film Complet En Francais - Meilleurs Moments.mp4"
May 29, 2023 20:24:13.419 [274969131840] DEBUG - Committing media stream changes for part 1
May 29, 2023 20:24:13.431 [274969131840] DEBUG - Updating media item 1, size=946042271, metadata_item_id=1
May 29, 2023 20:24:13.432 [274969131840] DEBUG - Updating part with ID=1 [/data/media/movies/Regarder 1001 pattes - Film Complet En Francais - Meilleurs Moments.mp4]
May 29, 2023 20:24:13.443 [275028417280] DEBUG - [HCl#2] HTTP requesting GET http://127.0.0.1:32400/:/metadata/notify/changeItemState?librarySectionID=1&metadataItemID=1&metadataType=1&state=-1&parentID=-1&rootID=-1&mediaState=analyzing
May 29, 2023 20:24:13.450 [274969131840] DEBUG - [MI] Opening input file: "/data/media/movies/Regarder 1001 pattes - Film Complet En Francais - Meilleurs Moments.mp4"
May 29, 2023 20:24:13.450 [274969131840] DEBUG - [FFMPEG] - Opening '/data/media/movies/Regarder 1001 pattes - Film Complet En Francais - Meilleurs Moments.mp4' for reading
May 29, 2023 20:24:13.450 [274969131840] DEBUG - [FFMPEG] - Setting default whitelist 'file,crypto,data'
May 29, 2023 20:24:13.451 [274994432768] DEBUG - [HttpClient/HCl#2] HTTP/1.1 (0.0s) 200 response from GET http://127.0.0.1:32400/:/metadata/notify/changeItemState?librarySectionID=1&metadataItemID=1&metadataType=1&state=-1&parentID=-1&rootID=-1&mediaState=analyzing (reused)
May 29, 2023 20:24:13.451 [274969131840] DEBUG - [FFMPEG] - Format mov,mp4,m4a,3gp,3g2,mj2 probed with size=2048 and score=100
May 29, 2023 20:24:13.451 [274969131840] DEBUG - [FFMPEG] - ISO: File Type Major Brand: mp42
May 29, 2023 20:24:13.452 [275028417280] DEBUG - [HCl#3] HTTP requesting GET http://127.0.0.1:32400/:/metadata/notify/changeItemState?librarySectionID=1&metadataItemID=1&metadataType=1&state=-1&parentID=-1&rootID=-1&mediaState=thumbnailing
May 29, 2023 20:24:13.452 [274969131840] DEBUG - [FFMPEG] - Unknown dref type 0x206c7275 size 12
May 29, 2023 20:24:13.453 [274994432768] DEBUG - [HttpClient/HCl#3] HTTP/1.1 (0.0s) 200 response from GET http://127.0.0.1:32400/:/metadata/notify/changeItemState?librarySectionID=1&metadataItemID=1&metadataType=1&state=-1&parentID=-1&rootID=-1&mediaState=thumbnailing (reused)
May 29, 2023 20:24:13.493 [274969131840] DEBUG - [FFMPEG] - Processing st: 0, edit list 0 - media time: 1001, duration: 115319204
May 29, 2023 20:24:13.519 [274969131840] DEBUG - [FFMPEG] - Offset DTS by 1001 to make first pts zero.
May 29, 2023 20:24:13.522 [274969131840] DEBUG - [FFMPEG] - Setting codecpar->delay to 1 for stream st: 0
May 29, 2023 20:24:13.522 [274969131840] DEBUG - [FFMPEG] - Unknown dref type 0x206c7275 size 12
May 29, 2023 20:24:13.554 [274969131840] DEBUG - [FFMPEG] - Before avformat_find_stream_info() pos: 2000968 bytes read:2033595 seeks:0 nb_streams:2
May 29, 2023 20:24:13.555 [274969131840] DEBUG - [FFMPEG] - nal_unit_type: 7(SPS), nal_ref_idc: 3
May 29, 2023 20:24:13.555 [274969131840] DEBUG - [FFMPEG] - nal_unit_type: 8(PPS), nal_ref_idc: 3
May 29, 2023 20:24:13.556 [274969131840] DEBUG - [FFMPEG] - nal_unit_type: 7(SPS), nal_ref_idc: 3
May 29, 2023 20:24:13.556 [274969131840] DEBUG - [FFMPEG] - nal_unit_type: 8(PPS), nal_ref_idc: 3
May 29, 2023 20:24:13.556 [274969131840] DEBUG - [FFMPEG] - nal_unit_type: 6(SEI), nal_ref_idc: 0
May 29, 2023 20:24:13.556 [274969131840] DEBUG - [FFMPEG] - nal_unit_type: 5(IDR), nal_ref_idc: 3
May 29, 2023 20:24:13.557 [274969131840] DEBUG - [FFMPEG] - Format yuv420p chosen by get_format().
May 29, 2023 20:24:13.558 [274969131840] DEBUG - [FFMPEG] - no picture 
May 29, 2023 20:24:13.648 [274969131840] DEBUG - [FFMPEG] - nal_unit_type: 1(Coded slice of a non-IDR picture), nal_ref_idc: 2
May 29, 2023 20:24:13.656 [274969131840] DEBUG - [FFMPEG] - nal_unit_type: 1(Coded slice of a non-IDR picture), nal_ref_idc: 2
May 29, 2023 20:24:13.675 [274969131840] DEBUG - [FFMPEG] - nal_unit_type: 1(Coded slice of a non-IDR picture), nal_ref_idc: 2
May 29, 2023 20:24:13.697 [274969131840] DEBUG - [FFMPEG] - nal_unit_type: 1(Coded slice of a non-IDR picture), nal_ref_idc: 2
May 29, 2023 20:24:13.719 [274969131840] DEBUG - [FFMPEG] - nal_unit_type: 1(Coded slice of a non-IDR picture), nal_ref_idc: 2
May 29, 2023 20:24:13.740 [274969131840] DEBUG - [FFMPEG] - nal_unit_type: 1(Coded slice of a non-IDR picture), nal_ref_idc: 2
May 29, 2023 20:24:13.762 [274969131840] DEBUG - [FFMPEG] - nal_unit_type: 1(Coded slice of a non-IDR picture), nal_ref_idc: 2
May 29, 2023 20:24:13.783 [274969131840] DEBUG - [FFMPEG] - All info found
May 29, 2023 20:24:13.785 [274969131840] DEBUG - [FFMPEG] - After avformat_find_stream_info() pos: 2159558 bytes read:2165109 seeks:0 frames:12
May 29, 2023 20:24:13.785 [274969131840] DEBUG - Creating /config/Library/Application Support/Plex Media Server/Media/localhost/a/8bb8422ab3d242f8ec12753bdc1e7947634cab7.bundle/Contents/Thumbnails/thumb1.jpg (50.0%, 720x512).
May 29, 2023 20:24:13.787 [274969131840] DEBUG - [FFMPEG] - nal_unit_type: 7(SPS), nal_ref_idc: 3
May 29, 2023 20:24:13.787 [274969131840] DEBUG - [FFMPEG] - nal_unit_type: 8(PPS), nal_ref_idc: 3
May 29, 2023 20:24:13.793 [274969131840] DEBUG - [FFMPEG] - nal_unit_type: 7(SPS), nal_ref_idc: 3
May 29, 2023 20:24:13.793 [274969131840] DEBUG - [FFMPEG] - nal_unit_type: 8(PPS), nal_ref_idc: 3
May 29, 2023 20:24:13.794 [274969131840] DEBUG - [FFMPEG] - nal_unit_type: 6(SEI), nal_ref_idc: 0
May 29, 2023 20:24:13.794 [274969131840] DEBUG - [FFMPEG] - nal_unit_type: 5(IDR), nal_ref_idc: 3
May 29, 2023 20:24:13.795 [274969131840] DEBUG - [FFMPEG] - Format yuv420p chosen by get_format().
May 29, 2023 20:24:13.796 [274969131840] DEBUG - [FFMPEG] - no picture 
May 29, 2023 20:24:13.877 [274969131840] DEBUG - [FFMPEG] - nal_unit_type: 1(Coded slice of a non-IDR picture), nal_ref_idc: 2
May 29, 2023 20:24:14.158 [274969131840] DEBUG - Loaded memory image of size 1280x720.
May 29, 2023 20:24:14.521 [274969131840] DEBUG - [MI] Closing input file: "/data/media/movies/Regarder 1001 pattes - Film Complet En Francais - Meilleurs Moments.mp4"
May 29, 2023 20:24:14.527 [274969131840] DEBUG - [MI] Opening input file: "/data/media/movies/Regarder 1001 pattes - Film Complet En Francais - Meilleurs Moments.mp4"
May 29, 2023 20:24:14.527 [274969131840] DEBUG - [FFMPEG] - Opening '/data/media/movies/Regarder 1001 pattes - Film Complet En Francais - Meilleurs Moments.mp4' for reading
May 29, 2023 20:24:14.527 [274969131840] DEBUG - [FFMPEG] - Setting default whitelist 'file,crypto,data'
May 29, 2023 20:24:14.528 [274969131840] DEBUG - [FFMPEG] - Format mov,mp4,m4a,3gp,3g2,mj2 probed with size=2048 and score=100
May 29, 2023 20:24:14.528 [274969131840] DEBUG - [FFMPEG] - ISO: File Type Major Brand: mp42
May 29, 2023 20:24:14.529 [274969131840] DEBUG - [FFMPEG] - Unknown dref type 0x206c7275 size 12
May 29, 2023 20:24:14.569 [274969131840] DEBUG - [FFMPEG] - Processing st: 0, edit list 0 - media time: 1001, duration: 115319204
May 29, 2023 20:24:14.594 [274969131840] DEBUG - [FFMPEG] - Offset DTS by 1001 to make first pts zero.
May 29, 2023 20:24:14.597 [274969131840] DEBUG - [FFMPEG] - Setting codecpar->delay to 1 for stream st: 0
May 29, 2023 20:24:14.597 [274969131840] DEBUG - [FFMPEG] - Unknown dref type 0x206c7275 size 12
May 29, 2023 20:24:14.630 [274969131840] DEBUG - [FFMPEG] - Before avformat_find_stream_info() pos: 2000968 bytes read:2033595 seeks:0 nb_streams:2
May 29, 2023 20:24:14.631 [274969131840] DEBUG - [FFMPEG] - nal_unit_type: 7(SPS), nal_ref_idc: 3
May 29, 2023 20:24:14.631 [274969131840] DEBUG - [FFMPEG] - nal_unit_type: 8(PPS), nal_ref_idc: 3
May 29, 2023 20:24:14.632 [274969131840] DEBUG - [FFMPEG] - nal_unit_type: 7(SPS), nal_ref_idc: 3
May 29, 2023 20:24:14.632 [274969131840] DEBUG - [FFMPEG] - nal_unit_type: 8(PPS), nal_ref_idc: 3
May 29, 2023 20:24:14.632 [274969131840] DEBUG - [FFMPEG] - nal_unit_type: 6(SEI), nal_ref_idc: 0
May 29, 2023 20:24:14.632 [274969131840] DEBUG - [FFMPEG] - nal_unit_type: 5(IDR), nal_ref_idc: 3
May 29, 2023 20:24:14.632 [274969131840] DEBUG - [FFMPEG] - Format yuv420p chosen by get_format().
May 29, 2023 20:24:14.634 [274969131840] DEBUG - [FFMPEG] - no picture 
May 29, 2023 20:24:14.724 [274969131840] DEBUG - [FFMPEG] - nal_unit_type: 1(Coded slice of a non-IDR picture), nal_ref_idc: 2
May 29, 2023 20:24:14.732 [274969131840] DEBUG - [FFMPEG] - nal_unit_type: 1(Coded slice of a non-IDR picture), nal_ref_idc: 2
May 29, 2023 20:24:14.752 [274969131840] DEBUG - [FFMPEG] - nal_unit_type: 1(Coded slice of a non-IDR picture), nal_ref_idc: 2
May 29, 2023 20:24:14.774 [274969131840] DEBUG - [FFMPEG] - nal_unit_type: 1(Coded slice of a non-IDR picture), nal_ref_idc: 2
May 29, 2023 20:24:14.796 [274969131840] DEBUG - [FFMPEG] - nal_unit_type: 1(Coded slice of a non-IDR picture), nal_ref_idc: 2
May 29, 2023 20:24:14.818 [274969131840] DEBUG - [FFMPEG] - nal_unit_type: 1(Coded slice of a non-IDR picture), nal_ref_idc: 2
May 29, 2023 20:24:14.841 [274969131840] DEBUG - [FFMPEG] - nal_unit_type: 1(Coded slice of a non-IDR picture), nal_ref_idc: 2
May 29, 2023 20:24:14.864 [274969131840] DEBUG - [FFMPEG] - All info found
May 29, 2023 20:24:14.866 [274969131840] DEBUG - [FFMPEG] - After avformat_find_stream_info() pos: 2159558 bytes read:2165109 seeks:0 frames:12
May 29, 2023 20:24:14.866 [274969131840] DEBUG - Creating /config/Library/Application Support/Plex Media Server/Media/localhost/a/8bb8422ab3d242f8ec12753bdc1e7947634cab7.bundle/Contents/Art/art1.jpg (50.0%, 1280x720).
May 29, 2023 20:24:14.867 [274969131840] DEBUG - [FFMPEG] - nal_unit_type: 7(SPS), nal_ref_idc: 3
May 29, 2023 20:24:14.867 [274969131840] DEBUG - [FFMPEG] - nal_unit_type: 8(PPS), nal_ref_idc: 3
May 29, 2023 20:24:14.868 [274969131840] DEBUG - [FFMPEG] - nal_unit_type: 7(SPS), nal_ref_idc: 3
May 29, 2023 20:24:14.868 [274969131840] DEBUG - [FFMPEG] - nal_unit_type: 8(PPS), nal_ref_idc: 3
May 29, 2023 20:24:14.868 [274969131840] DEBUG - [FFMPEG] - nal_unit_type: 6(SEI), nal_ref_idc: 0
May 29, 2023 20:24:14.868 [274969131840] DEBUG - [FFMPEG] - nal_unit_type: 5(IDR), nal_ref_idc: 3
May 29, 2023 20:24:14.868 [274969131840] DEBUG - [FFMPEG] - Format yuv420p chosen by get_format().
May 29, 2023 20:24:14.870 [274969131840] DEBUG - [FFMPEG] - no picture 
May 29, 2023 20:24:14.955 [274969131840] DEBUG - [FFMPEG] - nal_unit_type: 1(Coded slice of a non-IDR picture), nal_ref_idc: 2
May 29, 2023 20:24:15.225 [274969131840] DEBUG - Loaded memory image of size 1280x720.
May 29, 2023 20:24:15.377 [274969131840] DEBUG - [MI] Closing input file: "/data/media/movies/Regarder 1001 pattes - Film Complet En Francais - Meilleurs Moments.mp4"
May 29, 2023 20:24:15.384 [274969131840] DEBUG - Downloading document http://127.0.0.1:32400/library/changestamp
May 29, 2023 20:24:15.384 [274969131840] DEBUG - [HCl#4] HTTP requesting GET http://127.0.0.1:32400/library/changestamp
May 29, 2023 20:24:15.386 [274994432768] DEBUG - [HttpClient/HCl#4] HTTP/1.1 (0.0s) 200 response from GET http://127.0.0.1:32400/library/changestamp (reused)
May 29, 2023 20:24:15.387 [274969131840] DEBUG - Updating metadata item (save) (Regarder 1001 Pattes Film Complet en Francais Meilleurs Moments) with ID 1
May 29, 2023 20:24:15.406 [275028417280] DEBUG - [HCl#5] HTTP requesting GET http://127.0.0.1:32400/:/metadata/notify/changeItemState?librarySectionID=1&metadataItemID=1&metadataType=1&state=-1&parentID=-1&rootID=-1&mediaState=idle
May 29, 2023 20:24:15.407 [274994432768] DEBUG - [HttpClient/HCl#5] HTTP/1.1 (0.0s) 200 response from GET http://127.0.0.1:32400/:/metadata/notify/changeItemState?librarySectionID=1&metadataItemID=1&metadataType=1&state=-1&parentID=-1&rootID=-1&mediaState=idle (reused)
May 29, 2023 20:24:15.416 [274969131840] DEBUG - Downloading document http://127.0.0.1:32400/library/changestamp
May 29, 2023 20:24:15.416 [274969131840] DEBUG - [HCl#6] HTTP requesting GET http://127.0.0.1:32400/library/changestamp
May 29, 2023 20:24:15.417 [274994432768] DEBUG - [HttpClient/HCl#6] HTTP/1.1 (0.0s) 200 response from GET http://127.0.0.1:32400/library/changestamp (reused)
May 29, 2023 20:24:15.418 [274969131840] DEBUG - Updating metadata item (save) (Regarder 1001 Pattes Film Complet en Francais Meilleurs Moments) with ID 1
