May 29, 2023 20:30:13.717 [274969996032] INFO - Plex Media Scanner v1.32.2.7100-248a2daf0 - Docker Docker Container x86_64 - build: linux-x86_64 - GMT 00:00
May 29, 2023 20:30:13.737 [274969996032] INFO - Linux version: 5.15.49-linuxkit, language: en-US
May 29, 2023 20:30:13.739 [274969996032] INFO - Processor: 5-core QEMU TCG CPU version 2.5+
May 29, 2023 20:30:13.739 [274969996032] INFO - /usr/lib/plexmediaserver/Plex Media Scanner --match --type 1 --log-file-suffix  Matcher --item 5
May 29, 2023 20:30:13.715 [274969131840] DEBUG - Opening 20 database sessions to library (com.plexapp.plugins.library), SQLite 3.39.4, threadsafe=1
May 29, 2023 20:30:14.206 [274969131840] DEBUG - [MI] Opening input file: "/data/media/movies/Regarder 1001 pattes - Film Complet En Francais - Meilleurs Moments.mp4"
May 29, 2023 20:30:14.208 [274969131840] DEBUG - [FFMPEG] - Opening '/data/media/movies/Regarder 1001 pattes - Film Complet En Francais - Meilleurs Moments.mp4' for reading
May 29, 2023 20:30:14.208 [274969131840] DEBUG - [FFMPEG] - Setting default whitelist 'file,crypto,data'
May 29, 2023 20:30:14.216 [274969131840] DEBUG - [FFMPEG] - Format mov,mp4,m4a,3gp,3g2,mj2 probed with size=2048 and score=100
May 29, 2023 20:30:14.219 [274969131840] DEBUG - [FFMPEG] - ISO: File Type Major Brand: mp42
May 29, 2023 20:30:14.221 [274969131840] DEBUG - [FFMPEG] - Unknown dref type 0x206c7275 size 12
May 29, 2023 20:30:14.264 [274969131840] DEBUG - [FFMPEG] - Processing st: 0, edit list 0 - media time: 1001, duration: 115319204
May 29, 2023 20:30:14.290 [274969131840] DEBUG - [FFMPEG] - Offset DTS by 1001 to make first pts zero.
May 29, 2023 20:30:14.293 [274969131840] DEBUG - [FFMPEG] - Setting codecpar->delay to 1 for stream st: 0
May 29, 2023 20:30:14.293 [274969131840] DEBUG - [FFMPEG] - Unknown dref type 0x206c7275 size 12
May 29, 2023 20:30:14.328 [274969131840] DEBUG - [FFMPEG] - Before avformat_find_stream_info() pos: 2000968 bytes read:2033595 seeks:0 nb_streams:2
May 29, 2023 20:30:14.333 [274969131840] DEBUG - [FFMPEG] - nal_unit_type: 7(SPS), nal_ref_idc: 3
May 29, 2023 20:30:14.334 [274969131840] DEBUG - [FFMPEG] - nal_unit_type: 8(PPS), nal_ref_idc: 3
May 29, 2023 20:30:14.337 [274969131840] DEBUG - [FFMPEG] - nal_unit_type: 7(SPS), nal_ref_idc: 3
May 29, 2023 20:30:14.337 [274969131840] DEBUG - [FFMPEG] - nal_unit_type: 8(PPS), nal_ref_idc: 3
May 29, 2023 20:30:14.341 [274969131840] DEBUG - [FFMPEG] - nal_unit_type: 6(SEI), nal_ref_idc: 0
May 29, 2023 20:30:14.341 [274969131840] DEBUG - [FFMPEG] - nal_unit_type: 5(IDR), nal_ref_idc: 3
May 29, 2023 20:30:14.343 [274969131840] DEBUG - [FFMPEG] - Format yuv420p chosen by get_format().
May 29, 2023 20:30:14.349 [274969131840] DEBUG - [FFMPEG] - no picture 
May 29, 2023 20:30:14.448 [274969131840] DEBUG - [FFMPEG] - nal_unit_type: 1(Coded slice of a non-IDR picture), nal_ref_idc: 2
May 29, 2023 20:30:14.462 [274969131840] DEBUG - [FFMPEG] - nal_unit_type: 1(Coded slice of a non-IDR picture), nal_ref_idc: 2
May 29, 2023 20:30:14.483 [274969131840] DEBUG - [FFMPEG] - nal_unit_type: 1(Coded slice of a non-IDR picture), nal_ref_idc: 2
May 29, 2023 20:30:14.506 [274969131840] DEBUG - [FFMPEG] - nal_unit_type: 1(Coded slice of a non-IDR picture), nal_ref_idc: 2
May 29, 2023 20:30:14.527 [274969131840] DEBUG - [FFMPEG] - nal_unit_type: 1(Coded slice of a non-IDR picture), nal_ref_idc: 2
May 29, 2023 20:30:14.549 [274969131840] DEBUG - [FFMPEG] - nal_unit_type: 1(Coded slice of a non-IDR picture), nal_ref_idc: 2
May 29, 2023 20:30:14.570 [274969131840] DEBUG - [FFMPEG] - nal_unit_type: 1(Coded slice of a non-IDR picture), nal_ref_idc: 2
May 29, 2023 20:30:14.593 [274969131840] DEBUG - [FFMPEG] - All info found
May 29, 2023 20:30:14.597 [274969131840] DEBUG - [FFMPEG] - After avformat_find_stream_info() pos: 2159558 bytes read:2165109 seeks:0 frames:12
May 29, 2023 20:30:14.598 [274969131840] DEBUG - [FFMPEG] - nal_unit_type: 7(SPS), nal_ref_idc: 3
May 29, 2023 20:30:14.598 [274969131840] DEBUG - [FFMPEG] - nal_unit_type: 8(PPS), nal_ref_idc: 3
May 29, 2023 20:30:14.599 [274969131840] DEBUG - [MI] Closing input file: "/data/media/movies/Regarder 1001 pattes - Film Complet En Francais - Meilleurs Moments.mp4"
May 29, 2023 20:30:14.609 [274969131840] DEBUG - Matcher: found 0 auxiliary files in "/data/media/movies" (single media: yes)
May 29, 2023 20:30:14.610 [274969131840] DEBUG - Matcher: no sidecar subtitle files found for "/data/media/movies/Regarder 1001 pattes - Film Complet En Francais - Meilleurs Moments.mp4"
May 29, 2023 20:30:14.624 [274969131840] DEBUG - Matcher: no valid subtitles found, removing any existing media bundle file
