2023-05-29 21:55:13,535 (40018ab808) :  INFO (core:349) - Starting framework core - Version: 2.6.3, Build: 248a2da (Thu May 18 13:03:39 UTC 2023)
2023-05-29 21:55:13,538 (40018ab808) :  DEBUG (core:361) - Using the elevated policy
2023-05-29 21:55:13,540 (40018ab808) :  DEBUG (core:365) - Extending whitelist: ['cgi', 'tempfile']
2023-05-29 21:55:13,541 (40018ab808) :  DEBUG (core:450) - Starting runtime component.
2023-05-29 21:55:13,556 (40018ab808) :  DEBUG (core:450) - Starting caching component.
2023-05-29 21:55:13,557 (40018ab808) :  DEBUG (core:450) - Starting data component.
2023-05-29 21:55:13,559 (40018ab808) :  DEBUG (core:450) - Starting networking component.
2023-05-29 21:55:13,563 (40018ab808) :  DEBUG (networking:262) - Loaded HTTP cookies
2023-05-29 21:55:13,567 (40018ab808) :  DEBUG (caching:108) - No info file found, trashing the cache folder
2023-05-29 21:55:13,605 (40018ab808) :  DEBUG (networking:434) - Setting the default network timeout to 20.0
2023-05-29 21:55:13,609 (40018ab808) :  DEBUG (core:450) - Starting localization component.
2023-05-29 21:55:13,611 (40018ab808) :  INFO (localization:409) - Setting the default locale to en-us
2023-05-29 21:55:13,613 (40018ab808) :  WARNING (data:179) - Error decoding with simplejson, using demjson instead (this will cause a performance hit) - Expecting property name enclosed in double quotes: line 26 column 1 (char 1078)
2023-05-29 21:55:13,625 (40018ab808) :  DEBUG (localization:427) - Loaded en strings
2023-05-29 21:55:13,626 (40018ab808) :  DEBUG (core:450) - Starting messaging component.
2023-05-29 21:55:13,628 (40018ab808) :  DEBUG (core:450) - Starting debugging component.
2023-05-29 21:55:13,629 (40018ab808) :  DEBUG (core:450) - Starting services component.
2023-05-29 21:55:13,631 (40018ab808) :  DEBUG (core:450) - Starting myplex component.
2023-05-29 21:55:13,632 (40018ab808) :  DEBUG (core:450) - Starting notifications component.
2023-05-29 21:55:14,234 (40018ab808) :  DEBUG (accessor:68) - Creating a new model access point for provider com.plexapp.system in namespace 'metadata'
2023-05-29 21:55:14,287 (400ddb6b38) :  DEBUG (services:265) - Plug-in is not daemonized - loading services from system
2023-05-29 21:55:14,287 (40018ab808) :  DEBUG (runtime:1117) - Created a thread named 'load_all_services'
2023-05-29 21:55:14,295 (40018ab808) :  DEBUG (runtime:1117) - Created a thread named 'get_server_info'
2023-05-29 21:55:14,296 (400ddb6b38) :  DEBUG (networking:144) - Requesting 'http://127.0.0.1:32400/:/plugins/com.plexapp.system/messaging/function/X0J1bmRsZVNlcnZpY2U6QWxsU2VydmljZXM_/Y2VyZWFsMQoxCmxpc3QKMApyMAo_/Y2VyZWFsMQoxCmRpY3QKMApyMAo_'
2023-05-29 21:55:14,298 (40018ab808) :  DEBUG (core:150) - Finished starting framework core
2023-05-29 21:55:14,302 (400de43b38) :  DEBUG (networking:144) - Requesting 'http://127.0.0.1:32400'
2023-05-29 21:55:14,305 (40018ab808) :  DEBUG (core:560) - Loading plug-in code
2023-05-29 21:55:14,319 (400ddb6b38) :  ERROR (networking:197) - Error opening URL 'http://127.0.0.1:32400/:/plugins/com.plexapp.system/messaging/function/X0J1bmRsZVNlcnZpY2U6QWxsU2VydmljZXM_/Y2VyZWFsMQoxCmxpc3QKMApyMAo_/Y2VyZWFsMQoxCmRpY3QKMApyMAo_'
2023-05-29 21:55:14,322 (400ddb6b38) :  ERROR (services:272) - Unable to load services from system. Loading from the current bundle only.
2023-05-29 21:55:14,323 (400de43b38) :  ERROR (networking:197) - Error opening URL 'http://127.0.0.1:32400'
2023-05-29 21:55:14,332 (400de43b38) :  WARNING (core:541) - Unable to retrieve the machine identifier or server version.
2023-05-29 21:55:14,342 (400ddb6b38) :  DEBUG (services:362) - Loaded services
2023-05-29 21:55:14,368 (400de20b38) :  DEBUG (services:438) - No shared code to load
2023-05-29 21:55:14,420 (40018ab808) :  DEBUG (core:566) - Finished loading plug-in code
2023-05-29 21:55:14,422 (40018ab808) :  DEBUG (runtime:640) - Adding a prefix handler for 'System' ('/system')
2023-05-29 21:55:17,216 (40018ab808) :  INFO (__init__:35) - Starting System 248a2da (Thu May 18 13:03:39 UTC 2023)
2023-05-29 21:55:17,219 (40018ab808) :  DEBUG (runtime:640) - Adding a prefix handler for 'Player' ('/player')
2023-05-29 21:55:17,253 (40018ab808) :  INFO (datakit:93) - Loaded the dictionary file
2023-05-29 21:55:17,256 (40018ab808) :  DEBUG (agentservice:52) - Starting the agent service
2023-05-29 21:55:17,845 (40018ab808) :  DEBUG (accessor:68) - Creating a new model access point for provider com.plexapp.system in namespace 'metadata'
2023-05-29 21:55:17,879 (40018ab808) :  DEBUG (bundleservice:65) - Starting the bundle service
2023-05-29 21:55:17,882 (40018ab808) :  DEBUG (runtime:1117) - Created a thread named 'start'
2023-05-29 21:55:17,885 (40018ab808) :  DEBUG (playerservice:12) - Starting the player service
2023-05-29 21:55:17,889 (4011483b38) :  DEBUG (runtime:1117) - Created a thread named 'ensure_agent_info_exists_inner'
2023-05-29 21:55:17,891 (40018ab808) :  DEBUG (flagservice:13) - Starting the media flag service
2023-05-29 21:55:17,896 (40018ab808) :  DEBUG (runtime:1117) - Created a thread named 'start'
2023-05-29 21:55:17,896 (4011483b38) :  DEBUG (runtime:1117) - Created a thread named 'ensure_agent_info_exists_inner'
2023-05-29 21:55:17,898 (40018ab808) :  DEBUG (peerservice:141) - Starting the peer service
2023-05-29 21:55:17,908 (4011532b38) :  DEBUG (peerservice:164) - Fetching the current list of servers
2023-05-29 21:55:17,908 (40018ab808) :  DEBUG (runtime:1117) - Created a thread named 'refresh_servers'
2023-05-29 21:55:17,909 (4011483b38) :  DEBUG (runtime:1117) - Created a thread named 'ensure_agent_info_exists_inner'
2023-05-29 21:55:17,914 (40018ab808) :  DEBUG (runtime:1150) - Scheduled a timed thread named 'refresh_servers'
2023-05-29 21:55:17,914 (4011532b38) :  DEBUG (networking:144) - Requesting 'http://127.0.0.1:32400/servers'
2023-05-29 21:55:17,917 (4011483b38) :  DEBUG (runtime:1117) - Created a thread named 'ensure_agent_info_exists_inner'
2023-05-29 21:55:17,918 (40018ab808) :  DEBUG (streamservice:18) - Starting the stream service
2023-05-29 21:55:17,924 (4011532b38) :  ERROR (networking:197) - Error opening URL 'http://127.0.0.1:32400/servers'
2023-05-29 21:55:17,925 (40018ab808) :  CRITICAL (runtime:709) - Private handlers are no longer supported; couldn't register <bound method StreamService.token_handler of <streamservice.StreamService object at 0x400e7a2610>>
2023-05-29 21:55:17,928 (4011483b38) :  DEBUG (runtime:1117) - Created a thread named 'ensure_agent_info_exists_inner'
2023-05-29 21:55:17,931 (40018ab808) :  DEBUG (runtime:1150) - Scheduled a timed thread named 'invalidation_timer'
2023-05-29 21:55:17,936 (40018ab808) :  DEBUG (proxyservice:12) - Starting the proxy service
2023-05-29 21:55:17,944 (4011483b38) :  DEBUG (runtime:1117) - Created a thread named 'ensure_agent_info_exists_inner'
2023-05-29 21:55:17,949 (4011532b38) :  CRITICAL (runtime:1128) - Exception in thread named 'refresh_servers' (most recent call last):
  File "/usr/lib/plexmediaserver/Resources/Plug-ins-248a2daf0/Framework.bundle/Contents/Resources/Versions/2/Python/Framework/components/runtime.py", line 1126, in _start_thread
    f(*args, **kwargs)
  File "/usr/lib/plexmediaserver/Resources/Plug-ins-248a2daf0/System.bundle/Contents/Code/peerservice.py", line 169, in refresh_servers
    servers_el = self.get_servers_el()
  File "/usr/lib/plexmediaserver/Resources/Plug-ins-248a2daf0/System.bundle/Contents/Code/peerservice.py", line 165, in get_servers_el
    return XML.ElementFromURL('http://127.0.0.1:32400/servers', cacheTime = 0)
  File "/usr/lib/plexmediaserver/Resources/Plug-ins-248a2daf0/Framework.bundle/Contents/Resources/Versions/2/Python/Framework/api/parsekit.py", line 344, in ElementFromURL
    method=method,
  File "/usr/lib/plexmediaserver/Resources/Plug-ins-248a2daf0/Framework.bundle/Contents/Resources/Versions/2/Python/Framework/api/networkkit.py", line 67, in _http_request
    req = self._core.networking.http_request(url, *args, **kwargs)
  File "/usr/lib/plexmediaserver/Resources/Plug-ins-248a2daf0/Framework.bundle/Contents/Resources/Versions/2/Python/Framework/components/networking.py", line 352, in http_request
    return HTTPRequest(self._core, url, data, h, url_cache, encoding, errors, timeout, immediate, sleep, opener, follow_redirects, method)
  File "/usr/lib/plexmediaserver/Resources/Plug-ins-248a2daf0/Framework.bundle/Contents/Resources/Versions/2/Python/Framework/components/networking.py", line 119, in __init__
    self.load()
  File "/usr/lib/plexmediaserver/Resources/Plug-ins-248a2daf0/Framework.bundle/Contents/Resources/Versions/2/Python/Framework/components/networking.py", line 159, in load
    f = self._opener.open(req, timeout=self._timeout)
  File "/usr/lib/plexmediaserver/Resources/Python/python27.zip/urllib2.py", line 435, in open
    response = meth(req, response)
  File "/usr/lib/plexmediaserver/Resources/Python/python27.zip/urllib2.py", line 548, in http_response
    'http', request, response, code, msg, hdrs)
  File "/usr/lib/plexmediaserver/Resources/Python/python27.zip/urllib2.py", line 473, in error
    return self._call_chain(*args)
  File "/usr/lib/plexmediaserver/Resources/Python/python27.zip/urllib2.py", line 407, in _call_chain
    result = func(*args)
  File "/usr/lib/plexmediaserver/Resources/Python/python27.zip/urllib2.py", line 556, in http_error_default
    raise HTTPError(req.get_full_url(), code, msg, hdrs, fp)
HTTPError: HTTP Error 503: Service Unavailable

2023-05-29 21:55:17,954 (4011483b38) :  DEBUG (runtime:1117) - Created a thread named 'ensure_agent_info_exists_inner'
2023-05-29 21:55:17,957 (40018ab808) :  DEBUG (runtime:1117) - Created a thread named 'update_attribution_flags_inner'
2023-05-29 21:55:17,960 (40018ab808) :  INFO (core:611) - Started plug-in
2023-05-29 21:55:17,961 (4011483b38) :  DEBUG (runtime:1117) - Created a thread named 'ensure_agent_info_exists_inner'
2023-05-29 21:55:17,962 (40018ab808) :  DEBUG (socketinterface:160) - Starting socket server
2023-05-29 21:55:17,969 (4011483b38) :  DEBUG (runtime:1117) - Created a thread named 'ensure_agent_info_exists_inner'
2023-05-29 21:55:17,971 (40018ab808) :  DEBUG (runtime:1117) - Created a thread named 'start'
2023-05-29 21:55:17,975 (40018ab808) :  INFO (socketinterface:184) - Socket server started on port 40613
2023-05-29 21:55:17,978 (4011483b38) :  DEBUG (runtime:1117) - Created a thread named 'ensure_agent_info_exists_inner'
2023-05-29 21:55:17,979 (40018ab808) :  INFO (pipeinterface:25) - Entering run loop
2023-05-29 21:55:17,983 (40018ab808) :  DEBUG (runtime:717) - Handling request GET /:/prefixes
2023-05-29 21:55:17,983 (4011483b38) :  DEBUG (runtime:1117) - Created a thread named 'ensure_agent_info_exists_inner'
2023-05-29 21:55:17,992 (40018ab808) :  DEBUG (runtime:814) - Found route matching /:/prefixes
2023-05-29 21:55:17,996 (4011483b38) :  DEBUG (runtime:1117) - Created a thread named 'ensure_agent_info_exists_inner'
2023-05-29 21:55:18,002 (4011483b38) :  INFO (bundleservice:131) - Found duplicate identifier at /usr/lib/plexmediaserver/Resources/Plug-ins-248a2daf0/TheTVDBv4.bundle for bundled plugin (com.plexapp.agents.thetvdb), ignoring duplicate plugin.
2023-05-29 21:55:18,005 (40018ab808) :  DEBUG (runtime:924) - Response: [200] MediaContainer, 486 bytes
2023-05-29 21:55:18,009 (4011483b38) :  DEBUG (runtime:1117) - Created a thread named 'ensure_agent_info_exists_inner'
2023-05-29 21:55:18,015 (4011483b38) :  DEBUG (runtime:1117) - Created a thread named 'ensure_agent_info_exists_inner'
2023-05-29 21:55:18,021 (4011868b38) :  DEBUG (runtime:717) - Handling request GET /system/agents
2023-05-29 21:55:18,027 (4011483b38) :  DEBUG (runtime:1117) - Created a thread named 'ensure_agent_info_exists_inner'
2023-05-29 21:55:18,034 (4011483b38) :  DEBUG (runtime:1117) - Created a thread named 'ensure_agent_info_exists_inner'
2023-05-29 21:55:18,048 (4011483b38) :  DEBUG (runtime:1117) - Created a thread named 'ensure_agent_info_exists_inner'
2023-05-29 21:55:18,056 (4011483b38) :  DEBUG (runtime:1117) - Created a thread named 'remove_unavailable_agents'
2023-05-29 21:55:18,063 (4011483b38) :  DEBUG (bundleservice:81) - Started the bundle service
2023-05-29 21:55:18,084 (40118fcb38) :  DEBUG (runtime:1117) - Created a thread named 'ensure_agent_info_exists_inner'
2023-05-29 21:55:18,114 (401171db38) :  INFO (agentservice:129) - Agent info: {'com.plexapp.agents.fanarttv': [{'media_types': ['Movie'], 'accepts_from': None, 'fallback_agent': None, 'contributes_to': ['com.plexapp.agents.imdb', 'com.plexapp.agents.themoviedb'], 'has_attribution': True, 'languages': ['xn'], 'persist_stored_files': True, 'version': 0, 'primary_provider': False, 'prefs': True, 'name': 'Fanart.tv'}, {'media_types': ['TV_Show'], 'accepts_from': None, 'fallback_agent': None, 'contributes_to': ['com.plexapp.agents.thetvdb', 'com.plexapp.agents.themoviedb'], 'has_attribution': True, 'languages': ['xn'], 'persist_stored_files': True, 'version': 0, 'primary_provider': False, 'prefs': True, 'name': 'Fanart.tv'}, {'media_types': ['Artist'], 'accepts_from': None, 'fallback_agent': None, 'contributes_to': ['com.plexapp.agents.lastfm'], 'has_attribution': True, 'languages': ['xn'], 'persist_stored_files': True, 'version': 0, 'primary_provider': False, 'prefs': True, 'name': 'Fanart.tv'}, {'media_types': ['Album'], 'accepts_from': None, 'fallback_agent': None, 'contributes_to': ['com.plexapp.agents.lastfm'], 'has_attribution': True, 'languages': ['xn'], 'persist_stored_files': True, 'version': 0, 'primary_provider': False, 'prefs': True, 'name': 'Fanart.tv'}], 'com.plexapp.agents.none': [{'media_types': ['Movie'], 'accepts_from': None, 'fallback_agent': None, 'contributes_to': None, 'has_attribution': False, 'languages': ['xn'], 'persist_stored_files': True, 'version': 0, 'primary_provider': True, 'prefs': False, 'name': 'Personal Media'}, {'media_types': ['TV_Show'], 'accepts_from': None, 'fallback_agent': None, 'contributes_to': None, 'has_attribution': False, 'languages': ['xn'], 'persist_stored_files': True, 'version': 0, 'primary_provider': True, 'prefs': False, 'name': 'Personal Media Shows'}, {'media_types': ['Artist'], 'accepts_from': None, 'fallback_agent': None, 'contributes_to': None, 'has_attribution': False, 'languages': ['xn'], 'persist_stored_files': True, 'version': 0, 'primary_provider': True, 'prefs': False, 'name': 'Personal Media Artists'}, {'media_types': ['Album'], 'accepts_from': None, 'fallback_agent': None, 'contributes_to': None, 'has_attribution': False, 'languages': ['xn'], 'persist_stored_files': True, 'version': 0, 'primary_provider': True, 'prefs': False, 'name': 'Personal Media Albums'}, {'media_types': ['Photo'], 'accepts_from': None, 'fallback_agent': None, 'contributes_to': None, 'has_attribution': False, 'languages': ['en', 'ar', 'bg', 'ca', 'cs', 'cy', 'da', 'de', 'el', 'es', 'et', 'fa', 'fi', 'fr', 'he', 'hi', 'hr', 'ht', 'hu', 'id', 'it', 'ja', 'ko', 'lt', 'lv', 'ms', 'mt', 'nl', 'no', 'pl', 'pt', 'ro', 'ru', 'sk', 'sv', 'sl', 'sr', 'th', 'tr', 'uk', 'ur', 'vi', 'zh', 'xn'], 'persist_stored_files': True, 'version': 0, 'primary_provider': True, 'prefs': False, 'name': 'Photos'}], 'tv.plex.agents.music': [{'media_types': ['Artist'], 'accepts_from': None, 'fallback_agent': None, 'contributes_to': None, 'has_attribution': True, 'languages': ['en', 'ar', 'bg', 'zh', 'hr', 'cs', 'da', 'nl', 'fi', 'fr', 'de', 'el', 'hu', 'id', 'it', 'ja', 'ko', 'nn', 'pl', 'pt', 'ro', 'ru', 'sr', 'sk', 'es', 'sv', 'th', 'tr', 'vi', 'xx'], 'persist_stored_files': True, 'version': 0, 'primary_provider': True, 'prefs': True, 'name': 'Plex Music'}, {'media_types': ['Album'], 'accepts_from': None, 'fallback_agent': None, 'contributes_to': None, 'has_attribution': True, 'languages': ['en', 'ar', 'bg', 'zh', 'hr', 'cs', 'da', 'nl', 'fi', 'fr', 'de', 'el', 'hu', 'id', 'it', 'ja', 'ko', 'nn', 'pl', 'pt', 'ro', 'ru', 'sr', 'sk', 'es', 'sv', 'th', 'tr', 'vi', 'xx'], 'persist_stored_files': True, 'version': 0, 'primary_provider': True, 'prefs': True, 'name': 'Plex Music'}], 'com.plexapp.agents.htbackdrops': [{'media_types': ['Artist'], 'accepts_from': None, 'fallback_agent': None, 'contributes_to': ['com.plexapp.agents.lastfm'], 'has_attribution': True, 'languages': ['ab', 'aa', 'af', 'ak', 'sq', 'am', 'ar', 'an', 'hy', 'as', 'av', 'ae', 'ay', 'az', 'bm', 'ba', 'eu', 'be', 'bn', 'bh', 'bi', 'bs', 'pb', 'br', 'bg', 'my', 'ca', 'ch', 'ce', 'ny', 'zh', 'cu', 'cv', 'kw', 'co', 'cr', 'hr', 'cs', 'da', 'dv', 'nl', 'dz', 'en', 'eo', 'et', 'ee', 'fo', 'fj', 'fi', 'fr', 'fy', 'ff', 'gd', 'gl', 'lg', 'ka', 'de', 'el', 'gn', 'gu', 'ht', 'ha', 'he', 'hz', 'hi', 'ho', 'hu', 'is', 'io', 'ig', 'id', 'ia', 'ie', 'iu', 'ik', 'ga', 'it', 'ja', 'jv', 'kl', 'kn', 'kr', 'ks', 'kk', 'km', 'ki', 'rw', 'ky', 'kv', 'kg', 'ko', 'kj', 'ku', 'lo', 'la', 'lv', 'li', 'ln', 'lt', 'lu', 'lb', 'mk', 'mg', 'ms', 'ml', 'mt', 'gv', 'mi', 'mr', 'mh', 'mo', 'mn', 'na', 'nv', 'ng', 'ne', 'xn', 'nd', 'no', 'nb', 'nn', 'oc', 'oj', 'or', 'om', 'os', 'pi', 'pa', 'fa', 'pl', 'pt', 'ps', 'qu', 'rm', 'ro', 'rn', 'ru', 'se', 'sm', 'sg', 'sa', 'sc', 'sr', 'sn', 'ii', 'sd', 'si', 'sk', 'sl', 'so', 'st', 'nr', 'es', 'su', 'sw', 'ss', 'sv', 'tl', 'ty', 'tg', 'ta', 'tt', 'te', 'th', 'bo', 'ti', 'to', 'ts', 'tn', 'tr', 'tk', 'tw', 'ug', 'uk', 'ur', 'uz', 've', 'vi', 'vo', 'wa', 'cy', 'wo', 'xh', 'yi', 'yo', 'za', 'zu'], 'persist_stored_files': True, 'version': 0, 'primary_provider': False, 'prefs': False, 'name': 'Home Theater Backdrops'}], 'com.plexapp.agents.imdb': [{'media_types': ['Movie'], 'accepts_from': ['com.plexapp.agents.localmedia'], 'fallback_agent': None, 'contributes_to': ['com.plexapp.agents.themoviedb'], 'has_attribution': True, 'languages': ['en', 'sv', 'fr', 'es', 'nl', 'de', 'it', 'da', 'ar', 'ca', 'zh', 'cs', 'et', 'fi', 'el', 'he', 'hi', 'hu', 'id', 'ja', 'ko', 'lv', 'no', 'fa', 'pl', 'pt', 'ro', 'ru', 'sk', 'th', 'tr', 'uk', 'vi'], 'persist_stored_files': True, 'version': 0, 'primary_provider': True, 'prefs': True, 'name': 'Plex Movie (Legacy)'}], 'com.plexapp.agents.lyricfind': [{'media_types': ['Album'], 'accepts_from': None, 'fallback_agent': None, 'contributes_to': ['com.plexapp.agents.lastfm', 'tv.plex.agents.music', 'org.musicbrainz.agents.music'], 'has_attribution': True, 'languages': ['xn'], 'persist_stored_files': True, 'version': 0, 'primary_provider': False, 'prefs': False, 'name': 'LyricFind'}], 'com.plexapp.agents.thetvdb': [{'media_types': ['TV_Show'], 'accepts_from': None, 'fallback_agent': None, 'contributes_to': None, 'has_attribution': True, 'languages': ['en', 'fr', 'zh', 'sv', 'no', 'da', 'fi', 'nl', 'de', 'it', 'es', 'pl', 'hu', 'el', 'tr', 'ru', 'he', 'ja', 'pt', 'cs', 'ko', 'sl', 'hr'], 'persist_stored_files': True, 'version': 0, 'primary_provider': True, 'prefs': True, 'name': 'TheTVDB'}], 'tv.plex.agents.movie': [{'media_types': ['Movie'], 'accepts_from': None, 'fallback_agent': None, 'contributes_to': None, 'has_attribution': True, 'languages': [], 'persist_stored_files': True, 'version': 0, 'primary_provider': True, 'prefs': True, 'name': 'Plex Movie'}], 'tv.plex.agents.series': [{'media_types': ['TV_Show'], 'accepts_from': None, 'fallback_agent': None, 'contributes_to': None, 'has_attribution': True, 'languages': [], 'persist_stored_files': True, 'version': 0, 'primary_provider': True, 'prefs': True, 'name': 'Plex TV Series'}], 'com.plexapp.agents.plexthememusic': [{'media_types': ['TV_Show'], 'accepts_from': None, 'fallback_agent': None, 'contributes_to': ['com.plexapp.agents.thetvdb', 'com.plexapp.agents.thetvdbdvdorder', 'com.plexapp.agents.themoviedb'], 'has_attribution': False, 'languages': ['xn'], 'persist_stored_files': True, 'version': 0, 'primary_provider': False, 'prefs': False, 'name': 'Plex Theme Music'}], 'org.musicbrainz.agents.music': [{'media_types': ['Artist'], 'accepts_from': None, 'fallback_agent': None, 'contributes_to': None, 'has_attribution': True, 'languages': ['en', 'ar', 'bg', 'zh', 'hr', 'cs', 'da', 'nl', 'fi', 'fr', 'de', 'el', 'hu', 'id', 'it', 'ja', 'ko', 'nn', 'pl', 'pt', 'ro', 'ru', 'sr', 'sk', 'es', 'sv', 'th', 'tr', 'vi', 'xx'], 'persist_stored_files': True, 'version': 0, 'primary_provider': True, 'prefs': True, 'name': 'Musicbrainz'}, {'media_types': ['Album'], 'accepts_from': None, 'fallback_agent': None, 'contributes_to': None, 'has_attribution': True, 'languages': ['en', 'ar', 'bg', 'zh', 'hr', 'cs', 'da', 'nl', 'fi', 'fr', 'de', 'el', 'hu', 'id', 'it', 'ja', 'ko', 'nn', 'pl', 'pt', 'ro', 'ru', 'sr', 'sk', 'es', 'sv', 'th', 'tr', 'vi', 'xx'], 'persist_stored_files': True, 'version': 0, 'primary_provider': True, 'prefs': True, 'name': 'Musicbrainz'}], 'com.plexapp.agents.themoviedb': [{'media_types': ['Movie'], 'accepts_from': ['com.plexapp.agents.localmedia'], 'fallback_agent': None, 'contributes_to': None, 'has_attribution': True, 'languages': ['en', 'cs', 'da', 'de', 'el', 'es', 'fi', 'fr', 'he', 'hr', 'hu', 'it', 'lv', 'lt', 'nl', 'no', 'pl', 'pt', 'ru', 'sk', 'sv', 'th', 'tr', 'vi', 'zh', 'ko'], 'persist_stored_files': True, 'version': 0, 'primary_provider': True, 'prefs': True, 'name': 'The Movie Database'}, {'media_types': ['TV_Show'], 'accepts_from': ['com.plexapp.agents.localmedia', 'com.plexapp.agents.thetvdb'], 'fallback_agent': None, 'contributes_to': ['com.plexapp.agents.thetvdb'], 'has_attribution': True, 'languages': ['en', 'cs', 'da', 'de', 'el', 'es', 'fi', 'fr', 'he', 'hr', 'hu', 'it', 'lv', 'lt', 'nl', 'no', 'pl', 'pt', 'ru', 'sk', 'sv', 'th', 'tr', 'vi', 'zh', 'ko'], 'persist_stored_files': True, 'version': 0, 'primary_provider': True, 'prefs': True, 'name': 'The Movie Database'}], 'com.plexapp.agents.localmedia': [{'media_types': ['Movie'], 'accepts_from': None, 'fallback_agent': None, 'contributes_to': ['com.plexapp.agents.imdb', 'com.plexapp.agents.none'], 'has_attribution': False, 'languages': ['xn'], 'persist_stored_files': False, 'version': 0, 'primary_provider': False, 'prefs': True, 'name': 'Local Media Assets (Movies)'}, {'media_types': ['TV_Show'], 'accepts_from': None, 'fallback_agent': None, 'contributes_to': ['com.plexapp.agents.thetvdb', 'com.plexapp.agents.none'], 'has_attribution': False, 'languages': ['xn'], 'persist_stored_files': False, 'version': 0, 'primary_provider': False, 'prefs': True, 'name': 'Local Media Assets (TV)'}, {'media_types': ['Artist'], 'accepts_from': None, 'fallback_agent': None, 'contributes_to': ['com.plexapp.agents.discogs', 'com.plexapp.agents.lastfm', 'com.plexapp.agents.plexmusic', 'com.plexapp.agents.none', 'tv.plex.agents.music', 'org.musicbrainz.agents.music'], 'has_attribution': False, 'languages': ['xn'], 'persist_stored_files': False, 'version': 0, 'primary_provider': False, 'prefs': True, 'name': 'Local Media Assets (Artists)'}, {'media_types': ['Artist'], 'accepts_from': None, 'fallback_agent': None, 'contributes_to': ['com.plexapp.agents.plexmusic'], 'has_attribution': False, 'languages': ['xn'], 'persist_stored_files': False, 'version': 2, 'primary_provider': False, 'prefs': True, 'name': 'Local Media Assets (Artists)'}, {'media_types': ['Album'], 'accepts_from': None, 'fallback_agent': None, 'contributes_to': ['com.plexapp.agents.discogs', 'com.plexapp.agents.lastfm', 'com.plexapp.agents.plexmusic', 'com.plexapp.agents.none', 'tv.plex.agents.music', 'org.musicbrainz.agents.music'], 'has_attribution': False, 'languages': ['xn'], 'persist_stored_files': False, 'version': 0, 'primary_provider': False, 'prefs': True, 'name': 'Local Media Assets (Albums)'}], 'com.plexapp.agents.movieposterdb': [{'media_types': ['Movie'], 'accepts_from': None, 'fallback_agent': None, 'contributes_to': ['com.plexapp.agents.imdb'], 'has_attribution': True, 'languages': ['xn'], 'persist_stored_files': True, 'version': 0, 'primary_provider': False, 'prefs': False, 'name': 'CineMaterial'}], 'com.plexapp.agents.opensubtitles': [{'media_types': ['Movie'], 'accepts_from': None, 'fallback_agent': None, 'contributes_to': ['com.plexapp.agents.imdb'], 'has_attribution': False, 'languages': ['xn'], 'persist_stored_files': True, 'version': 0, 'primary_provider': False, 'prefs': True, 'name': 'OpenSubtitles.org'}, {'media_types': ['TV_Show'], 'accepts_from': None, 'fallback_agent': None, 'contributes_to': ['com.plexapp.agents.thetvdb'], 'has_attribution': False, 'languages': ['xn'], 'persist_stored_files': True, 'version': 0, 'primary_provider': False, 'prefs': True, 'name': 'OpenSubtitles.org'}], 'com.plexapp.agents.lastfm': [{'media_types': ['Artist'], 'accepts_from': None, 'fallback_agent': None, 'contributes_to': None, 'has_attribution': True, 'languages': ['en', 'sv', 'fr', 'es', 'de', 'pl', 'it', 'pt', 'ja', 'tr', 'ru', 'zh'], 'persist_stored_files': True, 'version': 0, 'primary_provider': True, 'prefs': True, 'name': 'Last.fm'}, {'media_types': ['Album'], 'accepts_from': None, 'fallback_agent': None, 'contributes_to': None, 'has_attribution': True, 'languages': ['en', 'sv', 'fr', 'es', 'de', 'pl', 'it', 'pt', 'ja', 'tr', 'ru', 'zh'], 'persist_stored_files': True, 'version': 0, 'primary_provider': True, 'prefs': True, 'name': 'Last.fm'}]}
2023-05-29 21:55:18,163 (4011868b38) :  DEBUG (runtime:814) - Found route matching /system/agents
2023-05-29 21:55:18,177 (40114c9b38) :  DEBUG (flagservice:46) - Started the media flag service
2023-05-29 21:55:18,184 (401171db38) :  INFO (datakit:131) - Saved the dictionary file
2023-05-29 21:55:18,198 (4011868b38) :  DEBUG (runtime:1117) - Created a thread named 'ensure_agent_info_exists_inner'
2023-05-29 21:55:18,258 (4011868b38) :  DEBUG (runtime:924) - Response: [200] MediaContainer, 11297 bytes
2023-05-29 21:55:21,906 (4011a35b38) :  DEBUG (runtime:717) - Handling request GET /system/messaging/clear_events/com.plexapp.agents.imdb
2023-05-29 21:55:22,005 (4011a35b38) :  DEBUG (runtime:814) - Found route matching /system/messaging/clear_events/com.plexapp.agents.imdb
2023-05-29 21:55:22,011 (4011a35b38) :  DEBUG (runtime:88) - Sending packed state data (99 bytes)
2023-05-29 21:55:22,013 (4011a35b38) :  DEBUG (runtime:924) - Response: [200] str, 0 bytes
2023-05-29 21:55:22,575 (4011accb38) :  DEBUG (runtime:717) - Handling request GET /:/plugins/com.plexapp.system/resourceHashes
2023-05-29 21:55:22,638 (4011accb38) :  DEBUG (runtime:814) - Found route matching /:/plugins/com.plexapp.system/resourceHashes
2023-05-29 21:55:22,644 (4011accb38) :  DEBUG (networking:144) - Requesting 'http://resources-cdn.plexapp.com/hashes.json'
2023-05-29 21:55:22,710 (4011accb38) :  ERROR (networking:197) - Error opening URL 'http://resources-cdn.plexapp.com/hashes.json'
2023-05-29 21:55:22,713 (4011accb38) :  CRITICAL (runtime:1299) - Exception getting hosted resource hashes (most recent call last):
  File "/usr/lib/plexmediaserver/Resources/Plug-ins-248a2daf0/Framework.bundle/Contents/Resources/Versions/2/Python/Framework/components/runtime.py", line 1291, in get_resource_hashes
    json = self._core.networking.http_request("http://resources-cdn.plexapp.com/hashes.json", timeout=5).content
  File "/usr/lib/plexmediaserver/Resources/Plug-ins-248a2daf0/Framework.bundle/Contents/Resources/Versions/2/Python/Framework/components/networking.py", line 243, in content
    return self.__str__()
  File "/usr/lib/plexmediaserver/Resources/Plug-ins-248a2daf0/Framework.bundle/Contents/Resources/Versions/2/Python/Framework/components/networking.py", line 221, in __str__
    self.load()
  File "/usr/lib/plexmediaserver/Resources/Plug-ins-248a2daf0/Framework.bundle/Contents/Resources/Versions/2/Python/Framework/components/networking.py", line 159, in load
    f = self._opener.open(req, timeout=self._timeout)
  File "/usr/lib/plexmediaserver/Resources/Python/python27.zip/urllib2.py", line 435, in open
    response = meth(req, response)
  File "/usr/lib/plexmediaserver/Resources/Python/python27.zip/urllib2.py", line 548, in http_response
    'http', request, response, code, msg, hdrs)
  File "/usr/lib/plexmediaserver/Resources/Python/python27.zip/urllib2.py", line 473, in error
    return self._call_chain(*args)
  File "/usr/lib/plexmediaserver/Resources/Python/python27.zip/urllib2.py", line 407, in _call_chain
    result = func(*args)
  File "/usr/lib/plexmediaserver/Resources/Python/python27.zip/urllib2.py", line 556, in http_error_default
    raise HTTPError(req.get_full_url(), code, msg, hdrs, fp)
HTTPError: HTTP Error 404: Not Found

2023-05-29 21:55:22,718 (4011accb38) :  DEBUG (runtime:88) - Sending packed state data (99 bytes)
2023-05-29 21:55:22,720 (4011accb38) :  DEBUG (runtime:924) - Response: [404] NoneType, 0 bytes
2023-05-29 21:55:22,791 (4011b4eb38) :  DEBUG (runtime:717) - Handling request GET /:/plugins/com.plexapp.system/messaging/function/X0J1bmRsZVNlcnZpY2U6QWxsU2VydmljZXM_/Y2VyZWFsMQoxCmxpc3QKMApyMAo_/Y2VyZWFsMQoxCmRpY3QKMApyMAo_
2023-05-29 21:55:22,797 (4011b4eb38) :  DEBUG (runtime:49) - Received packed state data (80 bytes)
2023-05-29 21:55:22,801 (4011b4eb38) :  DEBUG (runtime:814) - Found route matching /:/plugins/com.plexapp.system/messaging/function/X0J1bmRsZVNlcnZpY2U6QWxsU2VydmljZXM_/Y2VyZWFsMQoxCmxpc3QKMApyMAo_/Y2VyZWFsMQoxCmRpY3QKMApyMAo_
2023-05-29 21:55:22,807 (4011b4eb38) :  DEBUG (runtime:88) - Sending packed state data (99 bytes)
2023-05-29 21:55:22,809 (4011b4eb38) :  DEBUG (runtime:924) - Response: [200] str, 516 bytes
2023-05-29 21:55:23,055 (4011b91b38) :  DEBUG (runtime:717) - Handling request GET /system/notify/serverUpdated?host=127.0.0.1
2023-05-29 21:55:23,060 (4011b91b38) :  DEBUG (runtime:814) - Found route matching /system/notify/serverUpdated
2023-05-29 21:55:23,061 (4011b91b38) :  DEBUG (peerservice:386) - Handling server update notification (127.0.0.1)
2023-05-29 21:55:23,063 (4011b91b38) :  DEBUG (peerservice:189) - Updating servers (True/False True/True/True)
2023-05-29 21:55:23,065 (4011b91b38) :  DEBUG (peerservice:164) - Fetching the current list of servers
2023-05-29 21:55:23,069 (4011b91b38) :  DEBUG (networking:144) - Requesting 'http://127.0.0.1:32400/servers'
2023-05-29 21:55:23,090 (4011b91b38) :  DEBUG (peerservice:198) - Found 1 servers
2023-05-29 21:55:23,098 (4011b91b38) :  DEBUG (peerservice:214) - Ignoring 260f3b370065325658e9c678f9981104096370bb because host != 127.0.0.1 (172.21.0.2)
2023-05-29 21:55:23,117 (4011b91b38) :  DEBUG (runtime:924) - Response: [200] str, 0 bytes
2023-05-29 21:55:23,136 (4011942b38) :  INFO (datakit:131) - Saved the dictionary file
2023-05-29 21:55:25,805 (4011bedb38) :  DEBUG (runtime:717) - Handling request GET /:/plugins/com.plexapp.system/messaging/function/X0FnZW50U2VydmljZTpVcGRhdGVJbmZv/Y2VyZWFsMQoxCmxpc3QKMApyMAo_/Y2VyZWFsMQo3CmRpY3QKbGlzdApkaWN0Cmxpc3QKbGlzdApsaXN0Cmxpc3QKMgpzMjMKY29tLnBsZXhhcHAuYWdlbnRzLmltZGJzMTAKaWRlbnRpZmllcnIxCnMxMAphZ2VudF9pbmZvMQpyMgoxMApyMwpzMTEKbWVkaWFfdHlwZXNyNApzMTIKYWNjZXB0c19mcm9tbnMxNApmYWxsYmFja19hZ2VudHI1CnMxNApjb250cmlidXRlc190b3I2CnM5Cmxhbmd1YWdlc2IxczIwCnBlcnNpc3Rfc3RvcmVkX2ZpbGVzaTAKczcKdmVyc2lvbmIxczE2CnByaW1hcnlfcHJvdmlkZXJiMXM1CnByZWZzczE5ClBsZXggTW92aWUgKExlZ2FjeSlzNApuYW1lMQpzNQpNb3ZpZTEKczI5CmNvbS5wbGV4YXBwLmFnZW50cy5sb2NhbG1lZGlhMQpzMjkKY29tLnBsZXhhcHAuYWdlbnRzLnRoZW1vdmllZGIzMwpzMgplbnMyCnN2czIKZnJzMgplc3MyCm5sczIKZGVzMgppdHMyCmRhczIKYXJzMgpjYXMyCnpoczIKY3NzMgpldHMyCmZpczIKZWxzMgpoZXMyCmhpczIKaHVzMgppZHMyCmphczIKa29zMgpsdnMyCm5vczIKZmFzMgpwbHMyCnB0czIKcm9zMgpydXMyCnNrczIKdGhzMgp0cnMyCnVrczIKdmlyMAo_
2023-05-29 21:55:25,810 (4011bedb38) :  DEBUG (runtime:49) - Received packed state data (80 bytes)
2023-05-29 21:55:25,815 (4011bedb38) :  DEBUG (runtime:814) - Found route matching /:/plugins/com.plexapp.system/messaging/function/X0FnZW50U2VydmljZTpVcGRhdGVJbmZv/Y2VyZWFsMQoxCmxpc3QKMApyMAo_/Y2VyZWFsMQo3CmRpY3QKbGlzdApkaWN0Cmxpc3QKbGlzdApsaXN0Cmxpc3QKMgpzMjMKY29tLnBsZXhhcHAuYWdlbnRzLmltZGJzMTAKaWRlbnRpZmllcnIxCnMxMAphZ2VudF9pbmZvMQpyMgoxMApyMwpzMTEKbWVkaWFfdHlwZXNyNApzMTIKYWNjZXB0c19mcm9tbnMxNApmYWxsYmFja19hZ2VudHI1CnMxNApjb250cmlidXRlc190b3I2CnM5Cmxhbmd1YWdlc2IxczIwCnBlcnNpc3Rfc3RvcmVkX2ZpbGVzaTAKczcKdmVyc2lvbmIxczE2CnByaW1hcnlfcHJvdmlkZXJiMXM1CnByZWZzczE5ClBsZXggTW92aWUgKExlZ2FjeSlzNApuYW1lMQpzNQpNb3ZpZTEKczI5CmNvbS5wbGV4YXBwLmFnZW50cy5sb2NhbG1lZGlhMQpzMjkKY29tLnBsZXhhcHAuYWdlbnRzLnRoZW1vdmllZGIzMwpzMgplbnMyCnN2czIKZnJzMgplc3MyCm5sczIKZGVzMgppdHMyCmRhczIKYXJzMgpjYXMyCnpoczIKY3NzMgpldHMyCmZpczIKZWxzMgpoZXMyCmhpczIKaHVzMgppZHMyCmphczIKa29zMgpsdnMyCm5vczIKZmFzMgpwbHMyCnB0czIKcm9zMgpydXMyCnNrczIKdGhzMgp0cnMyCnVrczIKdmlyMAo_
2023-05-29 21:55:25,818 (4011bedb38) :  INFO (agentservice:175) - Receiving agent info from com.plexapp.agents.imdb: [{'media_types': ['Movie'], 'primary_provider': True, 'fallback_agent': None, 'contributes_to': ['com.plexapp.agents.themoviedb'], 'languages': ['en', 'sv', 'fr', 'es', 'nl', 'de', 'it', 'da', 'ar', 'ca', 'zh', 'cs', 'et', 'fi', 'el', 'he', 'hi', 'hu', 'id', 'ja', 'ko', 'lv', 'no', 'fa', 'pl', 'pt', 'ro', 'ru', 'sk', 'th', 'tr', 'uk', 'vi'], 'persist_stored_files': True, 'version': 0, 'accepts_from': ['com.plexapp.agents.localmedia'], 'prefs': True, 'name': 'Plex Movie (Legacy)'}]
2023-05-29 21:55:25,826 (4011bedb38) :  DEBUG (runtime:88) - Sending packed state data (99 bytes)
2023-05-29 21:55:25,828 (4011bedb38) :  DEBUG (runtime:924) - Response: [200] str, 16 bytes
2023-05-29 21:55:30,909 (4011c10b38) :  INFO (datakit:131) - Saved the dictionary file
